{"C:\\Users\\haide\\OneDrive - Coventry University\\Computer-Science-Year-3\\Semeter-2\\Web_Api_Development\\Assignment\\back_end_apis\\app.js": {"path":"C:\\Users\\haide\\OneDrive - Coventry University\\Computer-Science-Year-3\\Semeter-2\\Web_Api_Development\\Assignment\\back_end_apis\\app.js","statementMap":{"0":{"start":{"line":1,"column":17},"end":{"line":1,"column":35}},"1":{"start":{"line":2,"column":13},"end":{"line":2,"column":28}},"2":{"start":{"line":3,"column":21},"end":{"line":3,"column":45}},"3":{"start":{"line":6,"column":13},"end":{"line":6,"column":22}},"4":{"start":{"line":8,"column":17},"end":{"line":8,"column":48}},"5":{"start":{"line":9,"column":14},"end":{"line":9,"column":42}},"6":{"start":{"line":10,"column":13},"end":{"line":10,"column":40}},"7":{"start":{"line":11,"column":16},"end":{"line":11,"column":47}},"8":{"start":{"line":12,"column":13},"end":{"line":12,"column":45}},"9":{"start":{"line":16,"column":0},"end":{"line":16,"column":46}},"10":{"start":{"line":17,"column":0},"end":{"line":17,"column":24}},"11":{"start":{"line":18,"column":0},"end":{"line":18,"column":68}},"12":{"start":{"line":19,"column":0},"end":{"line":19,"column":24}},"13":{"start":{"line":20,"column":0},"end":{"line":20,"column":28}},"14":{"start":{"line":21,"column":0},"end":{"line":21,"column":26}},"15":{"start":{"line":22,"column":0},"end":{"line":22,"column":26}},"16":{"start":{"line":23,"column":0},"end":{"line":23,"column":32}},"17":{"start":{"line":25,"column":0},"end":{"line":25,"column":24}},"18":{"start":{"line":26,"column":0},"end":{"line":26,"column":11}},"19":{"start":{"line":28,"column":0},"end":{"line":28,"column":21}}},"fnMap":{},"branchMap":{},"s":{"0":3,"1":3,"2":3,"3":3,"4":3,"5":3,"6":3,"7":3,"8":3,"9":3,"10":3,"11":3,"12":3,"13":3,"14":3,"15":3,"16":3,"17":3,"18":3,"19":3},"f":{},"b":{},"_coverageSchema":"1a1c01bbd47fc00a2c39e90264f33305004495a9","hash":"688410b62937d0ae037c23fa37414475146e0561"}
,"C:\\Users\\haide\\OneDrive - Coventry University\\Computer-Science-Year-3\\Semeter-2\\Web_Api_Development\\Assignment\\back_end_apis\\controllers\\auth.js": {"path":"C:\\Users\\haide\\OneDrive - Coventry University\\Computer-Science-Year-3\\Semeter-2\\Web_Api_Development\\Assignment\\back_end_apis\\controllers\\auth.js","statementMap":{"0":{"start":{"line":3,"column":14},"end":{"line":3,"column":32}},"1":{"start":{"line":4,"column":13},"end":{"line":4,"column":29}},"2":{"start":{"line":5,"column":15},"end":{"line":5,"column":34}},"3":{"start":{"line":6,"column":12},"end":{"line":6,"column":35}},"4":{"start":{"line":8,"column":14},"end":{"line":8,"column":40}},"5":{"start":{"line":9,"column":19},"end":{"line":9,"column":41}},"6":{"start":{"line":10,"column":59},"end":{"line":10,"column":85}},"7":{"start":{"line":12,"column":13},"end":{"line":12,"column":51}},"8":{"start":{"line":21,"column":0},"end":{"line":49,"column":3}},"9":{"start":{"line":23,"column":30},"end":{"line":23,"column":38}},"10":{"start":{"line":26,"column":2},"end":{"line":28,"column":3}},"11":{"start":{"line":27,"column":4},"end":{"line":27,"column":72}},"12":{"start":{"line":29,"column":2},"end":{"line":48,"column":7}},"13":{"start":{"line":31,"column":6},"end":{"line":31,"column":82}},"14":{"start":{"line":31,"column":17},"end":{"line":31,"column":82}},"15":{"start":{"line":33,"column":6},"end":{"line":47,"column":10}},"16":{"start":{"line":35,"column":10},"end":{"line":35,"column":88}},"17":{"start":{"line":35,"column":24},"end":{"line":35,"column":88}},"18":{"start":{"line":36,"column":10},"end":{"line":36,"column":34}},"19":{"start":{"line":37,"column":10},"end":{"line":46,"column":14}},"20":{"start":{"line":52,"column":0},"end":{"line":54,"column":2}},"21":{"start":{"line":53,"column":2},"end":{"line":53,"column":62}},"22":{"start":{"line":63,"column":0},"end":{"line":87,"column":3}},"23":{"start":{"line":65,"column":16},"end":{"line":65,"column":33}},"24":{"start":{"line":67,"column":2},"end":{"line":85,"column":3}},"25":{"start":{"line":69,"column":4},"end":{"line":69,"column":32}},"26":{"start":{"line":73,"column":19},"end":{"line":73,"column":52}},"27":{"start":{"line":75,"column":4},"end":{"line":83,"column":61}},"28":{"start":{"line":77,"column":8},"end":{"line":82,"column":9}},"29":{"start":{"line":78,"column":10},"end":{"line":78,"column":57}},"30":{"start":{"line":81,"column":10},"end":{"line":81,"column":58}},"31":{"start":{"line":83,"column":22},"end":{"line":83,"column":60}},"32":{"start":{"line":95,"column":14},"end":{"line":99,"column":25}},"33":{"start":{"line":100,"column":2},"end":{"line":100,"column":15}},"34":{"start":{"line":109,"column":0},"end":{"line":113,"column":3}},"35":{"start":{"line":110,"column":2},"end":{"line":112,"column":34}},"36":{"start":{"line":112,"column":18},"end":{"line":112,"column":32}},"37":{"start":{"line":118,"column":0},"end":{"line":118,"column":24}}},"fnMap":{"0":{"name":"(anonymous_0)","decl":{"start":{"line":21,"column":17},"end":{"line":21,"column":18}},"loc":{"start":{"line":21,"column":37},"end":{"line":49,"column":1}},"line":21},"1":{"name":"(anonymous_1)","decl":{"start":{"line":30,"column":10},"end":{"line":30,"column":11}},"loc":{"start":{"line":30,"column":18},"end":{"line":48,"column":5}},"line":30},"2":{"name":"(anonymous_2)","decl":{"start":{"line":34,"column":14},"end":{"line":34,"column":15}},"loc":{"start":{"line":34,"column":25},"end":{"line":47,"column":9}},"line":34},"3":{"name":"(anonymous_3)","decl":{"start":{"line":52,"column":22},"end":{"line":52,"column":23}},"loc":{"start":{"line":52,"column":36},"end":{"line":54,"column":1}},"line":52},"4":{"name":"(anonymous_4)","decl":{"start":{"line":63,"column":23},"end":{"line":63,"column":24}},"loc":{"start":{"line":63,"column":43},"end":{"line":87,"column":1}},"line":63},"5":{"name":"(anonymous_5)","decl":{"start":{"line":76,"column":12},"end":{"line":76,"column":13}},"loc":{"start":{"line":76,"column":20},"end":{"line":83,"column":7}},"line":76},"6":{"name":"(anonymous_6)","decl":{"start":{"line":83,"column":15},"end":{"line":83,"column":16}},"loc":{"start":{"line":83,"column":22},"end":{"line":83,"column":60}},"line":83},"7":{"name":"authtoken","decl":{"start":{"line":94,"column":9},"end":{"line":94,"column":18}},"loc":{"start":{"line":94,"column":25},"end":{"line":101,"column":1}},"line":94},"8":{"name":"(anonymous_8)","decl":{"start":{"line":109,"column":27},"end":{"line":109,"column":28}},"loc":{"start":{"line":109,"column":41},"end":{"line":113,"column":1}},"line":109},"9":{"name":"(anonymous_9)","decl":{"start":{"line":112,"column":10},"end":{"line":112,"column":11}},"loc":{"start":{"line":112,"column":18},"end":{"line":112,"column":32}},"line":112}},"branchMap":{"0":{"loc":{"start":{"line":26,"column":2},"end":{"line":28,"column":3}},"type":"if","locations":[{"start":{"line":26,"column":2},"end":{"line":28,"column":3}},{"start":{"line":26,"column":2},"end":{"line":28,"column":3}}],"line":26},"1":{"loc":{"start":{"line":26,"column":6},"end":{"line":26,"column":25}},"type":"binary-expr","locations":[{"start":{"line":26,"column":6},"end":{"line":26,"column":12}},{"start":{"line":26,"column":16},"end":{"line":26,"column":25}}],"line":26},"2":{"loc":{"start":{"line":31,"column":6},"end":{"line":31,"column":82}},"type":"if","locations":[{"start":{"line":31,"column":6},"end":{"line":31,"column":82}},{"start":{"line":31,"column":6},"end":{"line":31,"column":82}}],"line":31},"3":{"loc":{"start":{"line":35,"column":10},"end":{"line":35,"column":88}},"type":"if","locations":[{"start":{"line":35,"column":10},"end":{"line":35,"column":88}},{"start":{"line":35,"column":10},"end":{"line":35,"column":88}}],"line":35},"4":{"loc":{"start":{"line":67,"column":2},"end":{"line":85,"column":3}},"type":"if","locations":[{"start":{"line":67,"column":2},"end":{"line":85,"column":3}},{"start":{"line":67,"column":2},"end":{"line":85,"column":3}}],"line":67},"5":{"loc":{"start":{"line":77,"column":8},"end":{"line":82,"column":9}},"type":"if","locations":[{"start":{"line":77,"column":8},"end":{"line":82,"column":9}},{"start":{"line":77,"column":8},"end":{"line":82,"column":9}}],"line":77}},"s":{"0":3,"1":3,"2":3,"3":3,"4":3,"5":3,"6":3,"7":3,"8":3,"9":3,"10":3,"11":0,"12":3,"13":3,"14":0,"15":3,"16":3,"17":1,"18":2,"19":2,"20":3,"21":0,"22":3,"23":0,"24":0,"25":0,"26":0,"27":0,"28":0,"29":0,"30":0,"31":0,"32":2,"33":2,"34":3,"35":0,"36":0,"37":3},"f":{"0":3,"1":3,"2":3,"3":0,"4":0,"5":0,"6":0,"7":2,"8":0,"9":0},"b":{"0":[0,3],"1":[3,3],"2":[0,3],"3":[1,2],"4":[0,0],"5":[0,0]},"_coverageSchema":"1a1c01bbd47fc00a2c39e90264f33305004495a9","hash":"84d998ddd5dc052aa25a81138e23d88518cf18ff"}
,"C:\\Users\\haide\\OneDrive - Coventry University\\Computer-Science-Year-3\\Semeter-2\\Web_Api_Development\\Assignment\\back_end_apis\\helpers\\databse.js": {"path":"C:\\Users\\haide\\OneDrive - Coventry University\\Computer-Science-Year-3\\Semeter-2\\Web_Api_Development\\Assignment\\back_end_apis\\helpers\\databse.js","statementMap":{"0":{"start":{"line":3,"column":17},"end":{"line":3,"column":36}},"1":{"start":{"line":6,"column":12},"end":{"line":6,"column":116}},"2":{"start":{"line":9,"column":22},"end":{"line":18,"column":1}},"3":{"start":{"line":10,"column":4},"end":{"line":17,"column":38}},"4":{"start":{"line":17,"column":20},"end":{"line":17,"column":36}},"5":{"start":{"line":21,"column":0},"end":{"line":21,"column":30}}},"fnMap":{"0":{"name":"(anonymous_0)","decl":{"start":{"line":9,"column":22},"end":{"line":9,"column":23}},"loc":{"start":{"line":9,"column":34},"end":{"line":18,"column":1}},"line":9},"1":{"name":"(anonymous_1)","decl":{"start":{"line":17,"column":13},"end":{"line":17,"column":14}},"loc":{"start":{"line":17,"column":20},"end":{"line":17,"column":36}},"line":17}},"branchMap":{},"s":{"0":3,"1":3,"2":3,"3":3,"4":0,"5":3},"f":{"0":3,"1":0},"b":{},"_coverageSchema":"1a1c01bbd47fc00a2c39e90264f33305004495a9","hash":"4afe27d53a1ba0a486573bf7b38dd7a95167b3a3"}
,"C:\\Users\\haide\\OneDrive - Coventry University\\Computer-Science-Year-3\\Semeter-2\\Web_Api_Development\\Assignment\\back_end_apis\\models\\chat.js": {"path":"C:\\Users\\haide\\OneDrive - Coventry University\\Computer-Science-Year-3\\Semeter-2\\Web_Api_Development\\Assignment\\back_end_apis\\models\\chat.js","statementMap":{"0":{"start":{"line":1,"column":17},"end":{"line":1,"column":36}},"1":{"start":{"line":2,"column":0},"end":{"line":2,"column":48}},"2":{"start":{"line":9,"column":22},"end":{"line":27,"column":2}},"3":{"start":{"line":32,"column":0},"end":{"line":32,"column":68}}},"fnMap":{},"branchMap":{},"s":{"0":3,"1":3,"2":3,"3":3},"f":{},"b":{},"_coverageSchema":"1a1c01bbd47fc00a2c39e90264f33305004495a9","hash":"37a1bf343024a211eb90d4dd84e978f08bfe7090"}
,"C:\\Users\\haide\\OneDrive - Coventry University\\Computer-Science-Year-3\\Semeter-2\\Web_Api_Development\\Assignment\\back_end_apis\\models\\dogs.js": {"path":"C:\\Users\\haide\\OneDrive - Coventry University\\Computer-Science-Year-3\\Semeter-2\\Web_Api_Development\\Assignment\\back_end_apis\\models\\dogs.js","statementMap":{"0":{"start":{"line":1,"column":17},"end":{"line":1,"column":36}},"1":{"start":{"line":2,"column":15},"end":{"line":2,"column":30}},"2":{"start":{"line":8,"column":19},"end":{"line":37,"column":2}},"3":{"start":{"line":38,"column":0},"end":{"line":38,"column":59}}},"fnMap":{},"branchMap":{},"s":{"0":3,"1":3,"2":3,"3":3},"f":{},"b":{},"_coverageSchema":"1a1c01bbd47fc00a2c39e90264f33305004495a9","hash":"5e65631414162b664cd32ee1c0cb0453d10ed043"}
,"C:\\Users\\haide\\OneDrive - Coventry University\\Computer-Science-Year-3\\Semeter-2\\Web_Api_Development\\Assignment\\back_end_apis\\models\\partipents.js": {"path":"C:\\Users\\haide\\OneDrive - Coventry University\\Computer-Science-Year-3\\Semeter-2\\Web_Api_Development\\Assignment\\back_end_apis\\models\\partipents.js","statementMap":{"0":{"start":{"line":2,"column":17},"end":{"line":2,"column":36}},"1":{"start":{"line":3,"column":16},"end":{"line":3,"column":31}},"2":{"start":{"line":25,"column":25},"end":{"line":38,"column":2}},"3":{"start":{"line":40,"column":0},"end":{"line":40,"column":77}}},"fnMap":{},"branchMap":{},"s":{"0":3,"1":3,"2":3,"3":3},"f":{},"b":{},"_coverageSchema":"1a1c01bbd47fc00a2c39e90264f33305004495a9","hash":"995a3c541f3aa20943ad685e3b3c52a6609d66ec"}
,"C:\\Users\\haide\\OneDrive - Coventry University\\Computer-Science-Year-3\\Semeter-2\\Web_Api_Development\\Assignment\\back_end_apis\\models\\users.js": {"path":"C:\\Users\\haide\\OneDrive - Coventry University\\Computer-Science-Year-3\\Semeter-2\\Web_Api_Development\\Assignment\\back_end_apis\\models\\users.js","statementMap":{"0":{"start":{"line":1,"column":17},"end":{"line":1,"column":36}},"1":{"start":{"line":2,"column":0},"end":{"line":2,"column":48}},"2":{"start":{"line":4,"column":15},"end":{"line":4,"column":30}},"3":{"start":{"line":9,"column":19},"end":{"line":53,"column":2}},"4":{"start":{"line":54,"column":0},"end":{"line":54,"column":61}}},"fnMap":{},"branchMap":{},"s":{"0":3,"1":3,"2":3,"3":3,"4":3},"f":{},"b":{},"_coverageSchema":"1a1c01bbd47fc00a2c39e90264f33305004495a9","hash":"526ca3cf6d93348e6910de168e7b6ea66242ba06"}
,"C:\\Users\\haide\\OneDrive - Coventry University\\Computer-Science-Year-3\\Semeter-2\\Web_Api_Development\\Assignment\\back_end_apis\\permissions\\locRole.js": {"path":"C:\\Users\\haide\\OneDrive - Coventry University\\Computer-Science-Year-3\\Semeter-2\\Web_Api_Development\\Assignment\\back_end_apis\\permissions\\locRole.js","statementMap":{"0":{"start":{"line":2,"column":14},"end":{"line":2,"column":40}},"1":{"start":{"line":3,"column":13},"end":{"line":3,"column":38}},"2":{"start":{"line":12,"column":3},"end":{"line":22,"column":6}},"3":{"start":{"line":15,"column":8},"end":{"line":21,"column":10}},"4":{"start":{"line":16,"column":12},"end":{"line":20,"column":13}},"5":{"start":{"line":17,"column":16},"end":{"line":17,"column":23}},"6":{"start":{"line":19,"column":16},"end":{"line":19,"column":67}},"7":{"start":{"line":24,"column":0},"end":{"line":24,"column":25}}},"fnMap":{"0":{"name":"locRole","decl":{"start":{"line":11,"column":9},"end":{"line":11,"column":16}},"loc":{"start":{"line":11,"column":33},"end":{"line":23,"column":1}},"line":11},"1":{"name":"(anonymous_1)","decl":{"start":{"line":14,"column":10},"end":{"line":14,"column":11}},"loc":{"start":{"line":14,"column":17},"end":{"line":22,"column":5}},"line":14},"2":{"name":"(anonymous_2)","decl":{"start":{"line":15,"column":42},"end":{"line":15,"column":43}},"loc":{"start":{"line":15,"column":49},"end":{"line":21,"column":9}},"line":15}},"branchMap":{"0":{"loc":{"start":{"line":16,"column":12},"end":{"line":20,"column":13}},"type":"if","locations":[{"start":{"line":16,"column":12},"end":{"line":20,"column":13}},{"start":{"line":16,"column":12},"end":{"line":20,"column":13}}],"line":16}},"s":{"0":3,"1":3,"2":1,"3":1,"4":1,"5":1,"6":0,"7":3},"f":{"0":1,"1":1,"2":1},"b":{"0":[1,0]},"_coverageSchema":"1a1c01bbd47fc00a2c39e90264f33305004495a9","hash":"3206f1f100ff9a3abd2bdbea69bac1f90efddc07"}
,"C:\\Users\\haide\\OneDrive - Coventry University\\Computer-Science-Year-3\\Semeter-2\\Web_Api_Development\\Assignment\\back_end_apis\\permissions\\role.js": {"path":"C:\\Users\\haide\\OneDrive - Coventry University\\Computer-Science-Year-3\\Semeter-2\\Web_Api_Development\\Assignment\\back_end_apis\\permissions\\role.js","statementMap":{"0":{"start":{"line":2,"column":14},"end":{"line":2,"column":40}},"1":{"start":{"line":12,"column":4},"end":{"line":22,"column":6}},"2":{"start":{"line":15,"column":8},"end":{"line":21,"column":72}},"3":{"start":{"line":17,"column":12},"end":{"line":17,"column":19}},"4":{"start":{"line":21,"column":12},"end":{"line":21,"column":63}},"5":{"start":{"line":24,"column":0},"end":{"line":24,"column":26}}},"fnMap":{"0":{"name":"userRole","decl":{"start":{"line":11,"column":9},"end":{"line":11,"column":17}},"loc":{"start":{"line":11,"column":34},"end":{"line":23,"column":1}},"line":11},"1":{"name":"(anonymous_1)","decl":{"start":{"line":14,"column":10},"end":{"line":14,"column":11}},"loc":{"start":{"line":14,"column":17},"end":{"line":22,"column":5}},"line":14}},"branchMap":{"0":{"loc":{"start":{"line":15,"column":8},"end":{"line":21,"column":72}},"type":"if","locations":[{"start":{"line":15,"column":8},"end":{"line":21,"column":72}},{"start":{"line":15,"column":8},"end":{"line":21,"column":72}}],"line":15}},"s":{"0":3,"1":3,"2":3,"3":3,"4":0,"5":3},"f":{"0":3,"1":3},"b":{"0":[3,0]},"_coverageSchema":"1a1c01bbd47fc00a2c39e90264f33305004495a9","hash":"d22a0be84bb988396584c373789e12ce0c570d82"}
,"C:\\Users\\haide\\OneDrive - Coventry University\\Computer-Science-Year-3\\Semeter-2\\Web_Api_Development\\Assignment\\back_end_apis\\routes\\dogs.js": {"path":"C:\\Users\\haide\\OneDrive - Coventry University\\Computer-Science-Year-3\\Semeter-2\\Web_Api_Development\\Assignment\\back_end_apis\\routes\\dogs.js","statementMap":{"0":{"start":{"line":2,"column":14},"end":{"line":2,"column":32}},"1":{"start":{"line":3,"column":13},"end":{"line":3,"column":29}},"2":{"start":{"line":4,"column":11},"end":{"line":4,"column":24}},"3":{"start":{"line":5,"column":22},"end":{"line":5,"column":37}},"4":{"start":{"line":6,"column":20},"end":{"line":6,"column":40}},"5":{"start":{"line":8,"column":13},"end":{"line":8,"column":38}},"6":{"start":{"line":9,"column":19},"end":{"line":9,"column":41}},"7":{"start":{"line":10,"column":59},"end":{"line":10,"column":84}},"8":{"start":{"line":11,"column":14},"end":{"line":11,"column":31}},"9":{"start":{"line":12,"column":13},"end":{"line":12,"column":51}},"10":{"start":{"line":13,"column":17},"end":{"line":13,"column":47}},"11":{"start":{"line":14,"column":16},"end":{"line":14,"column":49}},"12":{"start":{"line":21,"column":16},"end":{"line":29,"column":2}},"13":{"start":{"line":24,"column":4},"end":{"line":24,"column":26}},"14":{"start":{"line":27,"column":4},"end":{"line":27,"column":44}},"15":{"start":{"line":30,"column":15},"end":{"line":30,"column":41}},"16":{"start":{"line":36,"column":0},"end":{"line":55,"column":3}},"17":{"start":{"line":37,"column":55},"end":{"line":37,"column":64}},"18":{"start":{"line":39,"column":21},"end":{"line":39,"column":51}},"19":{"start":{"line":40,"column":2},"end":{"line":54,"column":3}},"20":{"start":{"line":41,"column":4},"end":{"line":43,"column":59}},"21":{"start":{"line":42,"column":18},"end":{"line":42,"column":32}},"22":{"start":{"line":43,"column":20},"end":{"line":43,"column":58}},"23":{"start":{"line":46,"column":4},"end":{"line":53,"column":57}},"24":{"start":{"line":52,"column":18},"end":{"line":52,"column":32}},"25":{"start":{"line":53,"column":18},"end":{"line":53,"column":56}},"26":{"start":{"line":59,"column":0},"end":{"line":63,"column":3}},"27":{"start":{"line":60,"column":2},"end":{"line":62,"column":53}},"28":{"start":{"line":61,"column":16},"end":{"line":61,"column":30}},"29":{"start":{"line":62,"column":16},"end":{"line":62,"column":52}},"30":{"start":{"line":69,"column":0},"end":{"line":84,"column":2}},"31":{"start":{"line":71,"column":15},"end":{"line":71,"column":28}},"32":{"start":{"line":72,"column":15},"end":{"line":72,"column":38}},"33":{"start":{"line":73,"column":54},"end":{"line":73,"column":62}},"34":{"start":{"line":74,"column":22},"end":{"line":80,"column":8}},"35":{"start":{"line":81,"column":6},"end":{"line":83,"column":73}},"36":{"start":{"line":82,"column":20},"end":{"line":82,"column":46}},"37":{"start":{"line":83,"column":20},"end":{"line":83,"column":72}},"38":{"start":{"line":88,"column":0},"end":{"line":114,"column":3}},"39":{"start":{"line":89,"column":19},"end":{"line":89,"column":32}},"40":{"start":{"line":90,"column":19},"end":{"line":90,"column":42}},"41":{"start":{"line":92,"column":26},"end":{"line":92,"column":84}},"42":{"start":{"line":93,"column":8},"end":{"line":93,"column":38}},"43":{"start":{"line":94,"column":8},"end":{"line":98,"column":9}},"44":{"start":{"line":95,"column":10},"end":{"line":95,"column":34}},"45":{"start":{"line":97,"column":10},"end":{"line":97,"column":39}},"46":{"start":{"line":99,"column":8},"end":{"line":113,"column":64}},"47":{"start":{"line":113,"column":22},"end":{"line":113,"column":62}},"48":{"start":{"line":121,"column":0},"end":{"line":125,"column":2}},"49":{"start":{"line":122,"column":2},"end":{"line":124,"column":52}},"50":{"start":{"line":124,"column":15},"end":{"line":124,"column":51}},"51":{"start":{"line":135,"column":2},"end":{"line":142,"column":4}},"52":{"start":{"line":136,"column":4},"end":{"line":139,"column":5}},"53":{"start":{"line":137,"column":6},"end":{"line":137,"column":35}},"54":{"start":{"line":138,"column":6},"end":{"line":138,"column":12}},"55":{"start":{"line":140,"column":4},"end":{"line":140,"column":31}},"56":{"start":{"line":141,"column":4},"end":{"line":141,"column":10}},"57":{"start":{"line":146,"column":0},"end":{"line":146,"column":24}}},"fnMap":{"0":{"name":"(anonymous_0)","decl":{"start":{"line":23,"column":15},"end":{"line":23,"column":16}},"loc":{"start":{"line":23,"column":40},"end":{"line":25,"column":3}},"line":23},"1":{"name":"(anonymous_1)","decl":{"start":{"line":26,"column":12},"end":{"line":26,"column":13}},"loc":{"start":{"line":26,"column":37},"end":{"line":28,"column":3}},"line":26},"2":{"name":"(anonymous_2)","decl":{"start":{"line":36,"column":16},"end":{"line":36,"column":17}},"loc":{"start":{"line":36,"column":42},"end":{"line":55,"column":1}},"line":36},"3":{"name":"(anonymous_3)","decl":{"start":{"line":42,"column":10},"end":{"line":42,"column":11}},"loc":{"start":{"line":42,"column":18},"end":{"line":42,"column":32}},"line":42},"4":{"name":"(anonymous_4)","decl":{"start":{"line":43,"column":13},"end":{"line":43,"column":14}},"loc":{"start":{"line":43,"column":20},"end":{"line":43,"column":58}},"line":43},"5":{"name":"(anonymous_5)","decl":{"start":{"line":52,"column":10},"end":{"line":52,"column":11}},"loc":{"start":{"line":52,"column":18},"end":{"line":52,"column":32}},"line":52},"6":{"name":"(anonymous_6)","decl":{"start":{"line":53,"column":11},"end":{"line":53,"column":12}},"loc":{"start":{"line":53,"column":18},"end":{"line":53,"column":56}},"line":53},"7":{"name":"(anonymous_7)","decl":{"start":{"line":59,"column":25},"end":{"line":59,"column":26}},"loc":{"start":{"line":59,"column":51},"end":{"line":63,"column":1}},"line":59},"8":{"name":"(anonymous_8)","decl":{"start":{"line":61,"column":8},"end":{"line":61,"column":9}},"loc":{"start":{"line":61,"column":16},"end":{"line":61,"column":30}},"line":61},"9":{"name":"(anonymous_9)","decl":{"start":{"line":62,"column":9},"end":{"line":62,"column":10}},"loc":{"start":{"line":62,"column":16},"end":{"line":62,"column":52}},"line":62},"10":{"name":"(anonymous_10)","decl":{"start":{"line":69,"column":59},"end":{"line":69,"column":60}},"loc":{"start":{"line":69,"column":73},"end":{"line":84,"column":1}},"line":69},"11":{"name":"(anonymous_11)","decl":{"start":{"line":82,"column":12},"end":{"line":82,"column":13}},"loc":{"start":{"line":82,"column":20},"end":{"line":82,"column":46}},"line":82},"12":{"name":"(anonymous_12)","decl":{"start":{"line":83,"column":13},"end":{"line":83,"column":14}},"loc":{"start":{"line":83,"column":20},"end":{"line":83,"column":72}},"line":83},"13":{"name":"(anonymous_13)","decl":{"start":{"line":88,"column":75},"end":{"line":88,"column":76}},"loc":{"start":{"line":88,"column":101},"end":{"line":114,"column":1}},"line":88},"14":{"name":"(anonymous_14)","decl":{"start":{"line":113,"column":15},"end":{"line":113,"column":16}},"loc":{"start":{"line":113,"column":22},"end":{"line":113,"column":62}},"line":113},"15":{"name":"(anonymous_15)","decl":{"start":{"line":121,"column":44},"end":{"line":121,"column":45}},"loc":{"start":{"line":121,"column":64},"end":{"line":125,"column":1}},"line":121},"16":{"name":"(anonymous_16)","decl":{"start":{"line":124,"column":8},"end":{"line":124,"column":9}},"loc":{"start":{"line":124,"column":15},"end":{"line":124,"column":51}},"line":124},"17":{"name":"deleteFile","decl":{"start":{"line":134,"column":9},"end":{"line":134,"column":19}},"loc":{"start":{"line":134,"column":25},"end":{"line":143,"column":1}},"line":134},"18":{"name":"(anonymous_18)","decl":{"start":{"line":135,"column":18},"end":{"line":135,"column":19}},"loc":{"start":{"line":135,"column":27},"end":{"line":142,"column":3}},"line":135}},"branchMap":{"0":{"loc":{"start":{"line":40,"column":2},"end":{"line":54,"column":3}},"type":"if","locations":[{"start":{"line":40,"column":2},"end":{"line":54,"column":3}},{"start":{"line":40,"column":2},"end":{"line":54,"column":3}}],"line":40},"1":{"loc":{"start":{"line":94,"column":8},"end":{"line":98,"column":9}},"type":"if","locations":[{"start":{"line":94,"column":8},"end":{"line":98,"column":9}},{"start":{"line":94,"column":8},"end":{"line":98,"column":9}}],"line":94},"2":{"loc":{"start":{"line":136,"column":4},"end":{"line":139,"column":5}},"type":"if","locations":[{"start":{"line":136,"column":4},"end":{"line":139,"column":5}},{"start":{"line":136,"column":4},"end":{"line":139,"column":5}}],"line":136}},"s":{"0":3,"1":3,"2":3,"3":3,"4":3,"5":3,"6":3,"7":3,"8":3,"9":3,"10":3,"11":3,"12":3,"13":2,"14":2,"15":3,"16":3,"17":0,"18":0,"19":0,"20":0,"21":0,"22":0,"23":0,"24":0,"25":0,"26":3,"27":0,"28":0,"29":0,"30":3,"31":1,"32":1,"33":1,"34":1,"35":1,"36":1,"37":0,"38":3,"39":1,"40":1,"41":1,"42":1,"43":1,"44":0,"45":1,"46":1,"47":0,"48":3,"49":1,"50":0,"51":1,"52":1,"53":0,"54":0,"55":1,"56":1,"57":3},"f":{"0":2,"1":2,"2":0,"3":0,"4":0,"5":0,"6":0,"7":0,"8":0,"9":0,"10":1,"11":1,"12":0,"13":1,"14":0,"15":1,"16":0,"17":1,"18":1},"b":{"0":[0,0],"1":[0,1],"2":[0,1]},"_coverageSchema":"1a1c01bbd47fc00a2c39e90264f33305004495a9","hash":"14b87ee06b425699803a58a355928a83df278a1c"}
,"C:\\Users\\haide\\OneDrive - Coventry University\\Computer-Science-Year-3\\Semeter-2\\Web_Api_Development\\Assignment\\back_end_apis\\routes\\messages.js": {"path":"C:\\Users\\haide\\OneDrive - Coventry University\\Computer-Science-Year-3\\Semeter-2\\Web_Api_Development\\Assignment\\back_end_apis\\routes\\messages.js","statementMap":{"0":{"start":{"line":1,"column":14},"end":{"line":1,"column":32}},"1":{"start":{"line":2,"column":13},"end":{"line":2,"column":29}},"2":{"start":{"line":3,"column":12},"end":{"line":3,"column":35}},"3":{"start":{"line":5,"column":17},"end":{"line":5,"column":42}},"4":{"start":{"line":6,"column":20},"end":{"line":6,"column":51}},"5":{"start":{"line":7,"column":14},"end":{"line":7,"column":40}},"6":{"start":{"line":8,"column":19},"end":{"line":8,"column":41}},"7":{"start":{"line":11,"column":0},"end":{"line":40,"column":2}},"8":{"start":{"line":13,"column":19},"end":{"line":13,"column":30}},"9":{"start":{"line":14,"column":21},"end":{"line":14,"column":30}},"10":{"start":{"line":15,"column":23},"end":{"line":15,"column":31}},"11":{"start":{"line":16,"column":22},"end":{"line":16,"column":30}},"12":{"start":{"line":18,"column":7},"end":{"line":18,"column":46}},"13":{"start":{"line":19,"column":7},"end":{"line":19,"column":51}},"14":{"start":{"line":21,"column":18},"end":{"line":21,"column":48}},"15":{"start":{"line":22,"column":6},"end":{"line":31,"column":7}},"16":{"start":{"line":23,"column":22},"end":{"line":27,"column":12}},"17":{"start":{"line":28,"column":10},"end":{"line":28,"column":20}},"18":{"start":{"line":32,"column":26},"end":{"line":36,"column":8}},"19":{"start":{"line":37,"column":6},"end":{"line":39,"column":59}},"20":{"start":{"line":38,"column":23},"end":{"line":38,"column":40}},"21":{"start":{"line":39,"column":20},"end":{"line":39,"column":58}},"22":{"start":{"line":42,"column":0},"end":{"line":50,"column":2}},"23":{"start":{"line":46,"column":23},"end":{"line":48,"column":36}},"24":{"start":{"line":49,"column":4},"end":{"line":49,"column":24}},"25":{"start":{"line":53,"column":0},"end":{"line":58,"column":2}},"26":{"start":{"line":54,"column":17},"end":{"line":54,"column":26}},"27":{"start":{"line":55,"column":4},"end":{"line":57,"column":54}},"28":{"start":{"line":57,"column":17},"end":{"line":57,"column":53}},"29":{"start":{"line":61,"column":0},"end":{"line":70,"column":2}},"30":{"start":{"line":62,"column":15},"end":{"line":62,"column":26}},"31":{"start":{"line":63,"column":3},"end":{"line":63,"column":19}},"32":{"start":{"line":64,"column":23},"end":{"line":66,"column":20}},"33":{"start":{"line":67,"column":3},"end":{"line":67,"column":24}},"34":{"start":{"line":75,"column":18},"end":{"line":75,"column":35}},"35":{"start":{"line":76,"column":19},"end":{"line":76,"column":52}},"36":{"start":{"line":77,"column":4},"end":{"line":77,"column":20}},"37":{"start":{"line":80,"column":0},"end":{"line":80,"column":24}}},"fnMap":{"0":{"name":"(anonymous_0)","decl":{"start":{"line":11,"column":31},"end":{"line":11,"column":32}},"loc":{"start":{"line":11,"column":57},"end":{"line":40,"column":1}},"line":11},"1":{"name":"(anonymous_1)","decl":{"start":{"line":38,"column":12},"end":{"line":38,"column":13}},"loc":{"start":{"line":38,"column":23},"end":{"line":38,"column":40}},"line":38},"2":{"name":"(anonymous_2)","decl":{"start":{"line":39,"column":13},"end":{"line":39,"column":14}},"loc":{"start":{"line":39,"column":20},"end":{"line":39,"column":58}},"line":39},"3":{"name":"(anonymous_3)","decl":{"start":{"line":42,"column":26},"end":{"line":42,"column":27}},"loc":{"start":{"line":42,"column":52},"end":{"line":50,"column":1}},"line":42},"4":{"name":"(anonymous_4)","decl":{"start":{"line":53,"column":25},"end":{"line":53,"column":26}},"loc":{"start":{"line":53,"column":49},"end":{"line":58,"column":1}},"line":53},"5":{"name":"(anonymous_5)","decl":{"start":{"line":57,"column":10},"end":{"line":57,"column":11}},"loc":{"start":{"line":57,"column":17},"end":{"line":57,"column":53}},"line":57},"6":{"name":"(anonymous_6)","decl":{"start":{"line":61,"column":30},"end":{"line":61,"column":31}},"loc":{"start":{"line":61,"column":55},"end":{"line":70,"column":1}},"line":61},"7":{"name":"userId","decl":{"start":{"line":74,"column":9},"end":{"line":74,"column":15}},"loc":{"start":{"line":74,"column":20},"end":{"line":78,"column":3}},"line":74}},"branchMap":{"0":{"loc":{"start":{"line":22,"column":6},"end":{"line":31,"column":7}},"type":"if","locations":[{"start":{"line":22,"column":6},"end":{"line":31,"column":7}},{"start":{"line":22,"column":6},"end":{"line":31,"column":7}}],"line":22}},"s":{"0":3,"1":3,"2":3,"3":3,"4":3,"5":3,"6":3,"7":3,"8":0,"9":0,"10":0,"11":0,"12":0,"13":0,"14":0,"15":0,"16":0,"17":0,"18":0,"19":0,"20":0,"21":0,"22":3,"23":0,"24":0,"25":3,"26":0,"27":0,"28":0,"29":3,"30":0,"31":0,"32":0,"33":0,"34":0,"35":0,"36":0,"37":3},"f":{"0":0,"1":0,"2":0,"3":0,"4":0,"5":0,"6":0,"7":0},"b":{"0":[0,0]},"_coverageSchema":"1a1c01bbd47fc00a2c39e90264f33305004495a9","hash":"ce2f20c6cc424ac0cacdedf5b5d1931c63f28a73"}
,"C:\\Users\\haide\\OneDrive - Coventry University\\Computer-Science-Year-3\\Semeter-2\\Web_Api_Development\\Assignment\\back_end_apis\\routes\\users.js": {"path":"C:\\Users\\haide\\OneDrive - Coventry University\\Computer-Science-Year-3\\Semeter-2\\Web_Api_Development\\Assignment\\back_end_apis\\routes\\users.js","statementMap":{"0":{"start":{"line":2,"column":14},"end":{"line":2,"column":32}},"1":{"start":{"line":3,"column":13},"end":{"line":3,"column":29}},"2":{"start":{"line":4,"column":15},"end":{"line":4,"column":34}},"3":{"start":{"line":5,"column":14},"end":{"line":5,"column":40}},"4":{"start":{"line":6,"column":19},"end":{"line":6,"column":41}},"5":{"start":{"line":7,"column":59},"end":{"line":7,"column":85}},"6":{"start":{"line":8,"column":12},"end":{"line":8,"column":35}},"7":{"start":{"line":9,"column":17},"end":{"line":9,"column":47}},"8":{"start":{"line":11,"column":13},"end":{"line":11,"column":51}},"9":{"start":{"line":12,"column":13},"end":{"line":12,"column":38}},"10":{"start":{"line":20,"column":0},"end":{"line":24,"column":3}},"11":{"start":{"line":21,"column":2},"end":{"line":23,"column":57}},"12":{"start":{"line":22,"column":19},"end":{"line":22,"column":34}},"13":{"start":{"line":23,"column":18},"end":{"line":23,"column":56}},"14":{"start":{"line":35,"column":0},"end":{"line":80,"column":2}},"15":{"start":{"line":38,"column":72},"end":{"line":38,"column":80}},"16":{"start":{"line":40,"column":2},"end":{"line":42,"column":3}},"17":{"start":{"line":41,"column":4},"end":{"line":41,"column":72}},"18":{"start":{"line":44,"column":1},"end":{"line":78,"column":7}},"19":{"start":{"line":47,"column":6},"end":{"line":47,"column":80}},"20":{"start":{"line":47,"column":16},"end":{"line":47,"column":80}},"21":{"start":{"line":48,"column":23},"end":{"line":55,"column":8}},"22":{"start":{"line":58,"column":6},"end":{"line":76,"column":8}},"23":{"start":{"line":59,"column":8},"end":{"line":75,"column":10}},"24":{"start":{"line":60,"column":10},"end":{"line":60,"column":29}},"25":{"start":{"line":60,"column":19},"end":{"line":60,"column":29}},"26":{"start":{"line":61,"column":10},"end":{"line":61,"column":35}},"27":{"start":{"line":63,"column":10},"end":{"line":74,"column":15}},"28":{"start":{"line":66,"column":14},"end":{"line":73,"column":16}},"29":{"start":{"line":82,"column":0},"end":{"line":99,"column":2}},"30":{"start":{"line":85,"column":14},"end":{"line":85,"column":25}},"31":{"start":{"line":86,"column":12},"end":{"line":86,"column":86}},"32":{"start":{"line":87,"column":12},"end":{"line":87,"column":40}},"33":{"start":{"line":88,"column":2},"end":{"line":90,"column":3}},"34":{"start":{"line":89,"column":4},"end":{"line":89,"column":44}},"35":{"start":{"line":91,"column":14},"end":{"line":91,"column":27}},"36":{"start":{"line":92,"column":2},"end":{"line":98,"column":57}},"37":{"start":{"line":98,"column":18},"end":{"line":98,"column":56}},"38":{"start":{"line":102,"column":0},"end":{"line":116,"column":3}},"39":{"start":{"line":103,"column":13},"end":{"line":103,"column":24}},"40":{"start":{"line":104,"column":2},"end":{"line":115,"column":3}},"41":{"start":{"line":107,"column":3},"end":{"line":112,"column":57}},"42":{"start":{"line":111,"column":4},"end":{"line":111,"column":27}},"43":{"start":{"line":112,"column":18},"end":{"line":112,"column":56}},"44":{"start":{"line":114,"column":6},"end":{"line":114,"column":31}},"45":{"start":{"line":127,"column":16},"end":{"line":127,"column":33}},"46":{"start":{"line":128,"column":17},"end":{"line":128,"column":50}},"47":{"start":{"line":129,"column":2},"end":{"line":129,"column":18}},"48":{"start":{"line":147,"column":0},"end":{"line":147,"column":24}}},"fnMap":{"0":{"name":"(anonymous_0)","decl":{"start":{"line":20,"column":31},"end":{"line":20,"column":32}},"loc":{"start":{"line":20,"column":51},"end":{"line":24,"column":1}},"line":20},"1":{"name":"(anonymous_1)","decl":{"start":{"line":22,"column":10},"end":{"line":22,"column":11}},"loc":{"start":{"line":22,"column":19},"end":{"line":22,"column":34}},"line":22},"2":{"name":"(anonymous_2)","decl":{"start":{"line":23,"column":11},"end":{"line":23,"column":12}},"loc":{"start":{"line":23,"column":18},"end":{"line":23,"column":56}},"line":23},"3":{"name":"(anonymous_3)","decl":{"start":{"line":35,"column":17},"end":{"line":35,"column":18}},"loc":{"start":{"line":35,"column":37},"end":{"line":80,"column":1}},"line":35},"4":{"name":"(anonymous_4)","decl":{"start":{"line":45,"column":10},"end":{"line":45,"column":11}},"loc":{"start":{"line":45,"column":18},"end":{"line":78,"column":5}},"line":45},"5":{"name":"(anonymous_5)","decl":{"start":{"line":58,"column":25},"end":{"line":58,"column":26}},"loc":{"start":{"line":58,"column":40},"end":{"line":76,"column":7}},"line":58},"6":{"name":"(anonymous_6)","decl":{"start":{"line":59,"column":45},"end":{"line":59,"column":46}},"loc":{"start":{"line":59,"column":60},"end":{"line":75,"column":9}},"line":59},"7":{"name":"(anonymous_7)","decl":{"start":{"line":64,"column":18},"end":{"line":64,"column":19}},"loc":{"start":{"line":64,"column":26},"end":{"line":74,"column":13}},"line":64},"8":{"name":"(anonymous_8)","decl":{"start":{"line":82,"column":35},"end":{"line":82,"column":36}},"loc":{"start":{"line":82,"column":61},"end":{"line":99,"column":1}},"line":82},"9":{"name":"(anonymous_9)","decl":{"start":{"line":98,"column":11},"end":{"line":98,"column":12}},"loc":{"start":{"line":98,"column":18},"end":{"line":98,"column":56}},"line":98},"10":{"name":"(anonymous_10)","decl":{"start":{"line":102,"column":29},"end":{"line":102,"column":30}},"loc":{"start":{"line":102,"column":54},"end":{"line":116,"column":1}},"line":102},"11":{"name":"(anonymous_11)","decl":{"start":{"line":110,"column":8},"end":{"line":110,"column":9}},"loc":{"start":{"line":110,"column":14},"end":{"line":112,"column":3}},"line":110},"12":{"name":"(anonymous_12)","decl":{"start":{"line":112,"column":11},"end":{"line":112,"column":12}},"loc":{"start":{"line":112,"column":18},"end":{"line":112,"column":56}},"line":112},"13":{"name":"userId","decl":{"start":{"line":126,"column":9},"end":{"line":126,"column":15}},"loc":{"start":{"line":126,"column":20},"end":{"line":130,"column":1}},"line":126}},"branchMap":{"0":{"loc":{"start":{"line":40,"column":2},"end":{"line":42,"column":3}},"type":"if","locations":[{"start":{"line":40,"column":2},"end":{"line":42,"column":3}},{"start":{"line":40,"column":2},"end":{"line":42,"column":3}}],"line":40},"1":{"loc":{"start":{"line":40,"column":6},"end":{"line":40,"column":79}},"type":"binary-expr","locations":[{"start":{"line":40,"column":6},"end":{"line":40,"column":16}},{"start":{"line":40,"column":20},"end":{"line":40,"column":29}},{"start":{"line":40,"column":33},"end":{"line":40,"column":42}},{"start":{"line":40,"column":46},"end":{"line":40,"column":52}},{"start":{"line":40,"column":56},"end":{"line":40,"column":66}},{"start":{"line":40,"column":70},"end":{"line":40,"column":79}}],"line":40},"2":{"loc":{"start":{"line":47,"column":6},"end":{"line":47,"column":80}},"type":"if","locations":[{"start":{"line":47,"column":6},"end":{"line":47,"column":80}},{"start":{"line":47,"column":6},"end":{"line":47,"column":80}}],"line":47},"3":{"loc":{"start":{"line":60,"column":10},"end":{"line":60,"column":29}},"type":"if","locations":[{"start":{"line":60,"column":10},"end":{"line":60,"column":29}},{"start":{"line":60,"column":10},"end":{"line":60,"column":29}}],"line":60},"4":{"loc":{"start":{"line":88,"column":2},"end":{"line":90,"column":3}},"type":"if","locations":[{"start":{"line":88,"column":2},"end":{"line":90,"column":3}},{"start":{"line":88,"column":2},"end":{"line":90,"column":3}}],"line":88}},"s":{"0":3,"1":3,"2":3,"3":3,"4":3,"5":3,"6":3,"7":3,"8":3,"9":3,"10":3,"11":0,"12":0,"13":0,"14":3,"15":3,"16":3,"17":1,"18":2,"19":2,"20":0,"21":2,"22":2,"23":2,"24":2,"25":0,"26":2,"27":2,"28":2,"29":3,"30":0,"31":0,"32":0,"33":0,"34":0,"35":0,"36":0,"37":0,"38":3,"39":0,"40":0,"41":0,"42":0,"43":0,"44":0,"45":0,"46":0,"47":0,"48":3},"f":{"0":0,"1":0,"2":0,"3":3,"4":2,"5":2,"6":2,"7":2,"8":0,"9":0,"10":0,"11":0,"12":0,"13":0},"b":{"0":[1,2],"1":[3,3,3,2,2,2],"2":[0,2],"3":[0,2],"4":[0,0]},"_coverageSchema":"1a1c01bbd47fc00a2c39e90264f33305004495a9","hash":"2e90d3269776f151e4d439b3e0be12cec23a3b43"}
,"C:\\Users\\haide\\OneDrive - Coventry University\\Computer-Science-Year-3\\Semeter-2\\Web_Api_Development\\Assignment\\back_end_apis\\strategies\\auth_token.js": {"path":"C:\\Users\\haide\\OneDrive - Coventry University\\Computer-Science-Year-3\\Semeter-2\\Web_Api_Development\\Assignment\\back_end_apis\\strategies\\auth_token.js","statementMap":{"0":{"start":{"line":1,"column":12},"end":{"line":1,"column":35}},"1":{"start":{"line":10,"column":17},"end":{"line":10,"column":34}},"2":{"start":{"line":14,"column":4},"end":{"line":17,"column":5}},"3":{"start":{"line":16,"column":8},"end":{"line":16,"column":73}},"4":{"start":{"line":18,"column":5},"end":{"line":28,"column":6}},"5":{"start":{"line":20,"column":23},"end":{"line":20,"column":56}},"6":{"start":{"line":22,"column":8},"end":{"line":22,"column":26}},"7":{"start":{"line":24,"column":8},"end":{"line":24,"column":15}},"8":{"start":{"line":27,"column":8},"end":{"line":27,"column":58}},"9":{"start":{"line":30,"column":0},"end":{"line":30,"column":22}}},"fnMap":{"0":{"name":"auth","decl":{"start":{"line":9,"column":9},"end":{"line":9,"column":13}},"loc":{"start":{"line":9,"column":29},"end":{"line":29,"column":1}},"line":9}},"branchMap":{"0":{"loc":{"start":{"line":14,"column":4},"end":{"line":17,"column":5}},"type":"if","locations":[{"start":{"line":14,"column":4},"end":{"line":17,"column":5}},{"start":{"line":14,"column":4},"end":{"line":17,"column":5}}],"line":14}},"s":{"0":3,"1":4,"2":4,"3":0,"4":4,"5":4,"6":3,"7":3,"8":1,"9":3},"f":{"0":4},"b":{"0":[0,4]},"_coverageSchema":"1a1c01bbd47fc00a2c39e90264f33305004495a9","hash":"dced61e232db165e852f7b228518b1cc19299a97"}
}
