{"C:\\Users\\haide\\OneDrive - Coventry University\\Computer-Science-Year-3\\Semeter-2\\Web_Api_Development\\Assignment\\back_end_apis\\app.js": {"path":"C:\\Users\\haide\\OneDrive - Coventry University\\Computer-Science-Year-3\\Semeter-2\\Web_Api_Development\\Assignment\\back_end_apis\\app.js","statementMap":{"0":{"start":{"line":1,"column":17},"end":{"line":1,"column":35}},"1":{"start":{"line":2,"column":13},"end":{"line":2,"column":28}},"2":{"start":{"line":3,"column":21},"end":{"line":3,"column":45}},"3":{"start":{"line":6,"column":13},"end":{"line":6,"column":22}},"4":{"start":{"line":8,"column":17},"end":{"line":8,"column":48}},"5":{"start":{"line":9,"column":14},"end":{"line":9,"column":42}},"6":{"start":{"line":10,"column":13},"end":{"line":10,"column":40}},"7":{"start":{"line":11,"column":16},"end":{"line":11,"column":47}},"8":{"start":{"line":16,"column":0},"end":{"line":16,"column":47}},"9":{"start":{"line":17,"column":0},"end":{"line":17,"column":24}},"10":{"start":{"line":18,"column":0},"end":{"line":18,"column":68}},"11":{"start":{"line":19,"column":0},"end":{"line":19,"column":24}},"12":{"start":{"line":20,"column":0},"end":{"line":20,"column":28}},"13":{"start":{"line":22,"column":0},"end":{"line":22,"column":26}},"14":{"start":{"line":23,"column":0},"end":{"line":23,"column":32}},"15":{"start":{"line":25,"column":0},"end":{"line":25,"column":24}},"16":{"start":{"line":26,"column":0},"end":{"line":26,"column":11}},"17":{"start":{"line":28,"column":0},"end":{"line":28,"column":21}}},"fnMap":{},"branchMap":{},"s":{"0":4,"1":4,"2":4,"3":4,"4":4,"5":4,"6":4,"7":4,"8":4,"9":4,"10":4,"11":4,"12":4,"13":4,"14":4,"15":4,"16":4,"17":4},"f":{},"b":{},"_coverageSchema":"1a1c01bbd47fc00a2c39e90264f33305004495a9","hash":"019da81c86a669c643024debc528bb0f451a66e7"}
,"C:\\Users\\haide\\OneDrive - Coventry University\\Computer-Science-Year-3\\Semeter-2\\Web_Api_Development\\Assignment\\back_end_apis\\controllers\\authController.js": {"path":"C:\\Users\\haide\\OneDrive - Coventry University\\Computer-Science-Year-3\\Semeter-2\\Web_Api_Development\\Assignment\\back_end_apis\\controllers\\authController.js","statementMap":{"0":{"start":{"line":2,"column":14},"end":{"line":2,"column":32}},"1":{"start":{"line":3,"column":13},"end":{"line":3,"column":29}},"2":{"start":{"line":4,"column":15},"end":{"line":4,"column":34}},"3":{"start":{"line":5,"column":12},"end":{"line":5,"column":35}},"4":{"start":{"line":7,"column":14},"end":{"line":7,"column":40}},"5":{"start":{"line":8,"column":19},"end":{"line":8,"column":41}},"6":{"start":{"line":18,"column":0},"end":{"line":46,"column":2}},"7":{"start":{"line":20,"column":32},"end":{"line":20,"column":40}},"8":{"start":{"line":23,"column":4},"end":{"line":25,"column":5}},"9":{"start":{"line":24,"column":6},"end":{"line":24,"column":74}},"10":{"start":{"line":26,"column":4},"end":{"line":45,"column":9}},"11":{"start":{"line":28,"column":8},"end":{"line":28,"column":84}},"12":{"start":{"line":28,"column":19},"end":{"line":28,"column":84}},"13":{"start":{"line":30,"column":8},"end":{"line":44,"column":12}},"14":{"start":{"line":32,"column":12},"end":{"line":32,"column":90}},"15":{"start":{"line":32,"column":26},"end":{"line":32,"column":90}},"16":{"start":{"line":33,"column":12},"end":{"line":33,"column":36}},"17":{"start":{"line":34,"column":12},"end":{"line":43,"column":16}},"18":{"start":{"line":55,"column":0},"end":{"line":79,"column":1}},"19":{"start":{"line":57,"column":18},"end":{"line":57,"column":35}},"20":{"start":{"line":59,"column":4},"end":{"line":77,"column":5}},"21":{"start":{"line":61,"column":6},"end":{"line":61,"column":34}},"22":{"start":{"line":65,"column":21},"end":{"line":65,"column":54}},"23":{"start":{"line":67,"column":6},"end":{"line":75,"column":63}},"24":{"start":{"line":69,"column":10},"end":{"line":74,"column":11}},"25":{"start":{"line":70,"column":12},"end":{"line":70,"column":59}},"26":{"start":{"line":73,"column":12},"end":{"line":73,"column":60}},"27":{"start":{"line":75,"column":24},"end":{"line":75,"column":62}},"28":{"start":{"line":87,"column":16},"end":{"line":91,"column":27}},"29":{"start":{"line":92,"column":4},"end":{"line":92,"column":17}}},"fnMap":{"0":{"name":"(anonymous_0)","decl":{"start":{"line":18,"column":25},"end":{"line":18,"column":26}},"loc":{"start":{"line":18,"column":52},"end":{"line":46,"column":1}},"line":18},"1":{"name":"(anonymous_1)","decl":{"start":{"line":27,"column":12},"end":{"line":27,"column":13}},"loc":{"start":{"line":27,"column":20},"end":{"line":45,"column":7}},"line":27},"2":{"name":"(anonymous_2)","decl":{"start":{"line":31,"column":16},"end":{"line":31,"column":17}},"loc":{"start":{"line":31,"column":27},"end":{"line":44,"column":11}},"line":31},"3":{"name":"(anonymous_3)","decl":{"start":{"line":55,"column":19},"end":{"line":55,"column":20}},"loc":{"start":{"line":55,"column":45},"end":{"line":79,"column":1}},"line":55},"4":{"name":"(anonymous_4)","decl":{"start":{"line":68,"column":14},"end":{"line":68,"column":15}},"loc":{"start":{"line":68,"column":22},"end":{"line":75,"column":9}},"line":68},"5":{"name":"(anonymous_5)","decl":{"start":{"line":75,"column":17},"end":{"line":75,"column":18}},"loc":{"start":{"line":75,"column":24},"end":{"line":75,"column":62}},"line":75},"6":{"name":"authtoken","decl":{"start":{"line":86,"column":10},"end":{"line":86,"column":19}},"loc":{"start":{"line":86,"column":26},"end":{"line":93,"column":3}},"line":86}},"branchMap":{"0":{"loc":{"start":{"line":23,"column":4},"end":{"line":25,"column":5}},"type":"if","locations":[{"start":{"line":23,"column":4},"end":{"line":25,"column":5}},{"start":{"line":23,"column":4},"end":{"line":25,"column":5}}],"line":23},"1":{"loc":{"start":{"line":23,"column":8},"end":{"line":23,"column":27}},"type":"binary-expr","locations":[{"start":{"line":23,"column":8},"end":{"line":23,"column":14}},{"start":{"line":23,"column":18},"end":{"line":23,"column":27}}],"line":23},"2":{"loc":{"start":{"line":28,"column":8},"end":{"line":28,"column":84}},"type":"if","locations":[{"start":{"line":28,"column":8},"end":{"line":28,"column":84}},{"start":{"line":28,"column":8},"end":{"line":28,"column":84}}],"line":28},"3":{"loc":{"start":{"line":32,"column":12},"end":{"line":32,"column":90}},"type":"if","locations":[{"start":{"line":32,"column":12},"end":{"line":32,"column":90}},{"start":{"line":32,"column":12},"end":{"line":32,"column":90}}],"line":32},"4":{"loc":{"start":{"line":59,"column":4},"end":{"line":77,"column":5}},"type":"if","locations":[{"start":{"line":59,"column":4},"end":{"line":77,"column":5}},{"start":{"line":59,"column":4},"end":{"line":77,"column":5}}],"line":59},"5":{"loc":{"start":{"line":69,"column":10},"end":{"line":74,"column":11}},"type":"if","locations":[{"start":{"line":69,"column":10},"end":{"line":74,"column":11}},{"start":{"line":69,"column":10},"end":{"line":74,"column":11}}],"line":69}},"s":{"0":4,"1":4,"2":4,"3":4,"4":4,"5":4,"6":4,"7":4,"8":4,"9":0,"10":4,"11":4,"12":0,"13":4,"14":4,"15":1,"16":3,"17":3,"18":4,"19":2,"20":2,"21":0,"22":2,"23":2,"24":2,"25":1,"26":1,"27":0,"28":3,"29":3},"f":{"0":4,"1":4,"2":4,"3":2,"4":2,"5":0,"6":3},"b":{"0":[0,4],"1":[4,4],"2":[0,4],"3":[1,3],"4":[0,2],"5":[1,1]},"_coverageSchema":"1a1c01bbd47fc00a2c39e90264f33305004495a9","hash":"1f16e8f7a757964aee58dd57bc88b83402beda53"}
,"C:\\Users\\haide\\OneDrive - Coventry University\\Computer-Science-Year-3\\Semeter-2\\Web_Api_Development\\Assignment\\back_end_apis\\helpers\\databse.js": {"path":"C:\\Users\\haide\\OneDrive - Coventry University\\Computer-Science-Year-3\\Semeter-2\\Web_Api_Development\\Assignment\\back_end_apis\\helpers\\databse.js","statementMap":{"0":{"start":{"line":3,"column":17},"end":{"line":3,"column":36}},"1":{"start":{"line":6,"column":12},"end":{"line":6,"column":116}},"2":{"start":{"line":9,"column":22},"end":{"line":18,"column":1}},"3":{"start":{"line":10,"column":4},"end":{"line":17,"column":38}},"4":{"start":{"line":17,"column":20},"end":{"line":17,"column":36}},"5":{"start":{"line":21,"column":0},"end":{"line":21,"column":30}}},"fnMap":{"0":{"name":"(anonymous_0)","decl":{"start":{"line":9,"column":22},"end":{"line":9,"column":23}},"loc":{"start":{"line":9,"column":34},"end":{"line":18,"column":1}},"line":9},"1":{"name":"(anonymous_1)","decl":{"start":{"line":17,"column":13},"end":{"line":17,"column":14}},"loc":{"start":{"line":17,"column":20},"end":{"line":17,"column":36}},"line":17}},"branchMap":{},"s":{"0":4,"1":4,"2":4,"3":4,"4":0,"5":4},"f":{"0":4,"1":0},"b":{},"_coverageSchema":"1a1c01bbd47fc00a2c39e90264f33305004495a9","hash":"4afe27d53a1ba0a486573bf7b38dd7a95167b3a3"}
,"C:\\Users\\haide\\OneDrive - Coventry University\\Computer-Science-Year-3\\Semeter-2\\Web_Api_Development\\Assignment\\back_end_apis\\models\\chat.js": {"path":"C:\\Users\\haide\\OneDrive - Coventry University\\Computer-Science-Year-3\\Semeter-2\\Web_Api_Development\\Assignment\\back_end_apis\\models\\chat.js","statementMap":{"0":{"start":{"line":1,"column":17},"end":{"line":1,"column":36}},"1":{"start":{"line":2,"column":0},"end":{"line":2,"column":48}},"2":{"start":{"line":9,"column":22},"end":{"line":27,"column":2}},"3":{"start":{"line":32,"column":0},"end":{"line":32,"column":68}}},"fnMap":{},"branchMap":{},"s":{"0":4,"1":4,"2":4,"3":4},"f":{},"b":{},"_coverageSchema":"1a1c01bbd47fc00a2c39e90264f33305004495a9","hash":"37a1bf343024a211eb90d4dd84e978f08bfe7090"}
,"C:\\Users\\haide\\OneDrive - Coventry University\\Computer-Science-Year-3\\Semeter-2\\Web_Api_Development\\Assignment\\back_end_apis\\models\\dogs.js": {"path":"C:\\Users\\haide\\OneDrive - Coventry University\\Computer-Science-Year-3\\Semeter-2\\Web_Api_Development\\Assignment\\back_end_apis\\models\\dogs.js","statementMap":{"0":{"start":{"line":1,"column":17},"end":{"line":1,"column":36}},"1":{"start":{"line":2,"column":15},"end":{"line":2,"column":30}},"2":{"start":{"line":8,"column":19},"end":{"line":37,"column":2}},"3":{"start":{"line":38,"column":0},"end":{"line":38,"column":59}}},"fnMap":{},"branchMap":{},"s":{"0":4,"1":4,"2":4,"3":4},"f":{},"b":{},"_coverageSchema":"1a1c01bbd47fc00a2c39e90264f33305004495a9","hash":"5e65631414162b664cd32ee1c0cb0453d10ed043"}
,"C:\\Users\\haide\\OneDrive - Coventry University\\Computer-Science-Year-3\\Semeter-2\\Web_Api_Development\\Assignment\\back_end_apis\\models\\partipents.js": {"path":"C:\\Users\\haide\\OneDrive - Coventry University\\Computer-Science-Year-3\\Semeter-2\\Web_Api_Development\\Assignment\\back_end_apis\\models\\partipents.js","statementMap":{"0":{"start":{"line":2,"column":17},"end":{"line":2,"column":36}},"1":{"start":{"line":3,"column":16},"end":{"line":3,"column":31}},"2":{"start":{"line":25,"column":25},"end":{"line":38,"column":2}},"3":{"start":{"line":40,"column":0},"end":{"line":40,"column":77}}},"fnMap":{},"branchMap":{},"s":{"0":4,"1":4,"2":4,"3":4},"f":{},"b":{},"_coverageSchema":"1a1c01bbd47fc00a2c39e90264f33305004495a9","hash":"995a3c541f3aa20943ad685e3b3c52a6609d66ec"}
,"C:\\Users\\haide\\OneDrive - Coventry University\\Computer-Science-Year-3\\Semeter-2\\Web_Api_Development\\Assignment\\back_end_apis\\models\\users.js": {"path":"C:\\Users\\haide\\OneDrive - Coventry University\\Computer-Science-Year-3\\Semeter-2\\Web_Api_Development\\Assignment\\back_end_apis\\models\\users.js","statementMap":{"0":{"start":{"line":1,"column":17},"end":{"line":1,"column":36}},"1":{"start":{"line":2,"column":0},"end":{"line":2,"column":48}},"2":{"start":{"line":4,"column":15},"end":{"line":4,"column":30}},"3":{"start":{"line":9,"column":19},"end":{"line":53,"column":2}},"4":{"start":{"line":54,"column":0},"end":{"line":54,"column":61}}},"fnMap":{},"branchMap":{},"s":{"0":4,"1":4,"2":4,"3":4,"4":4},"f":{},"b":{},"_coverageSchema":"1a1c01bbd47fc00a2c39e90264f33305004495a9","hash":"526ca3cf6d93348e6910de168e7b6ea66242ba06"}
,"C:\\Users\\haide\\OneDrive - Coventry University\\Computer-Science-Year-3\\Semeter-2\\Web_Api_Development\\Assignment\\back_end_apis\\permissions\\locRole.js": {"path":"C:\\Users\\haide\\OneDrive - Coventry University\\Computer-Science-Year-3\\Semeter-2\\Web_Api_Development\\Assignment\\back_end_apis\\permissions\\locRole.js","statementMap":{"0":{"start":{"line":2,"column":14},"end":{"line":2,"column":40}},"1":{"start":{"line":3,"column":13},"end":{"line":3,"column":38}},"2":{"start":{"line":12,"column":3},"end":{"line":22,"column":6}},"3":{"start":{"line":15,"column":8},"end":{"line":21,"column":10}},"4":{"start":{"line":16,"column":12},"end":{"line":20,"column":13}},"5":{"start":{"line":17,"column":16},"end":{"line":17,"column":23}},"6":{"start":{"line":19,"column":16},"end":{"line":19,"column":67}},"7":{"start":{"line":24,"column":0},"end":{"line":24,"column":25}}},"fnMap":{"0":{"name":"locRole","decl":{"start":{"line":11,"column":9},"end":{"line":11,"column":16}},"loc":{"start":{"line":11,"column":33},"end":{"line":23,"column":1}},"line":11},"1":{"name":"(anonymous_1)","decl":{"start":{"line":14,"column":10},"end":{"line":14,"column":11}},"loc":{"start":{"line":14,"column":17},"end":{"line":22,"column":5}},"line":14},"2":{"name":"(anonymous_2)","decl":{"start":{"line":15,"column":42},"end":{"line":15,"column":43}},"loc":{"start":{"line":15,"column":49},"end":{"line":21,"column":9}},"line":15}},"branchMap":{"0":{"loc":{"start":{"line":16,"column":12},"end":{"line":20,"column":13}},"type":"if","locations":[{"start":{"line":16,"column":12},"end":{"line":20,"column":13}},{"start":{"line":16,"column":12},"end":{"line":20,"column":13}}],"line":16}},"s":{"0":4,"1":4,"2":1,"3":1,"4":1,"5":1,"6":0,"7":4},"f":{"0":1,"1":1,"2":1},"b":{"0":[1,0]},"_coverageSchema":"1a1c01bbd47fc00a2c39e90264f33305004495a9","hash":"3206f1f100ff9a3abd2bdbea69bac1f90efddc07"}
,"C:\\Users\\haide\\OneDrive - Coventry University\\Computer-Science-Year-3\\Semeter-2\\Web_Api_Development\\Assignment\\back_end_apis\\permissions\\role.js": {"path":"C:\\Users\\haide\\OneDrive - Coventry University\\Computer-Science-Year-3\\Semeter-2\\Web_Api_Development\\Assignment\\back_end_apis\\permissions\\role.js","statementMap":{"0":{"start":{"line":2,"column":14},"end":{"line":2,"column":40}},"1":{"start":{"line":12,"column":4},"end":{"line":22,"column":6}},"2":{"start":{"line":15,"column":8},"end":{"line":21,"column":72}},"3":{"start":{"line":17,"column":12},"end":{"line":17,"column":19}},"4":{"start":{"line":21,"column":12},"end":{"line":21,"column":63}},"5":{"start":{"line":24,"column":0},"end":{"line":24,"column":26}}},"fnMap":{"0":{"name":"userRole","decl":{"start":{"line":11,"column":9},"end":{"line":11,"column":17}},"loc":{"start":{"line":11,"column":34},"end":{"line":23,"column":1}},"line":11},"1":{"name":"(anonymous_1)","decl":{"start":{"line":14,"column":10},"end":{"line":14,"column":11}},"loc":{"start":{"line":14,"column":17},"end":{"line":22,"column":5}},"line":14}},"branchMap":{"0":{"loc":{"start":{"line":15,"column":8},"end":{"line":21,"column":72}},"type":"if","locations":[{"start":{"line":15,"column":8},"end":{"line":21,"column":72}},{"start":{"line":15,"column":8},"end":{"line":21,"column":72}}],"line":15}},"s":{"0":4,"1":3,"2":3,"3":3,"4":0,"5":4},"f":{"0":3,"1":3},"b":{"0":[3,0]},"_coverageSchema":"1a1c01bbd47fc00a2c39e90264f33305004495a9","hash":"d22a0be84bb988396584c373789e12ce0c570d82"}
,"C:\\Users\\haide\\OneDrive - Coventry University\\Computer-Science-Year-3\\Semeter-2\\Web_Api_Development\\Assignment\\back_end_apis\\routes\\dogs.js": {"path":"C:\\Users\\haide\\OneDrive - Coventry University\\Computer-Science-Year-3\\Semeter-2\\Web_Api_Development\\Assignment\\back_end_apis\\routes\\dogs.js","statementMap":{"0":{"start":{"line":2,"column":14},"end":{"line":2,"column":32}},"1":{"start":{"line":3,"column":13},"end":{"line":3,"column":29}},"2":{"start":{"line":4,"column":11},"end":{"line":4,"column":24}},"3":{"start":{"line":5,"column":22},"end":{"line":5,"column":37}},"4":{"start":{"line":6,"column":20},"end":{"line":6,"column":40}},"5":{"start":{"line":8,"column":13},"end":{"line":8,"column":38}},"6":{"start":{"line":9,"column":19},"end":{"line":9,"column":41}},"7":{"start":{"line":10,"column":59},"end":{"line":10,"column":84}},"8":{"start":{"line":11,"column":14},"end":{"line":11,"column":31}},"9":{"start":{"line":13,"column":13},"end":{"line":13,"column":51}},"10":{"start":{"line":15,"column":17},"end":{"line":15,"column":47}},"11":{"start":{"line":16,"column":16},"end":{"line":16,"column":49}},"12":{"start":{"line":23,"column":16},"end":{"line":31,"column":2}},"13":{"start":{"line":26,"column":4},"end":{"line":26,"column":26}},"14":{"start":{"line":29,"column":4},"end":{"line":29,"column":44}},"15":{"start":{"line":32,"column":15},"end":{"line":32,"column":41}},"16":{"start":{"line":38,"column":0},"end":{"line":57,"column":3}},"17":{"start":{"line":39,"column":55},"end":{"line":39,"column":64}},"18":{"start":{"line":41,"column":21},"end":{"line":41,"column":51}},"19":{"start":{"line":42,"column":2},"end":{"line":56,"column":3}},"20":{"start":{"line":43,"column":4},"end":{"line":45,"column":59}},"21":{"start":{"line":44,"column":18},"end":{"line":44,"column":32}},"22":{"start":{"line":45,"column":20},"end":{"line":45,"column":58}},"23":{"start":{"line":48,"column":4},"end":{"line":55,"column":57}},"24":{"start":{"line":54,"column":18},"end":{"line":54,"column":32}},"25":{"start":{"line":55,"column":18},"end":{"line":55,"column":56}},"26":{"start":{"line":61,"column":0},"end":{"line":65,"column":3}},"27":{"start":{"line":62,"column":2},"end":{"line":64,"column":53}},"28":{"start":{"line":63,"column":16},"end":{"line":63,"column":30}},"29":{"start":{"line":64,"column":16},"end":{"line":64,"column":52}},"30":{"start":{"line":71,"column":0},"end":{"line":86,"column":2}},"31":{"start":{"line":73,"column":15},"end":{"line":73,"column":28}},"32":{"start":{"line":74,"column":15},"end":{"line":74,"column":38}},"33":{"start":{"line":75,"column":54},"end":{"line":75,"column":62}},"34":{"start":{"line":76,"column":22},"end":{"line":82,"column":8}},"35":{"start":{"line":83,"column":6},"end":{"line":85,"column":73}},"36":{"start":{"line":84,"column":20},"end":{"line":84,"column":46}},"37":{"start":{"line":85,"column":20},"end":{"line":85,"column":72}},"38":{"start":{"line":90,"column":0},"end":{"line":115,"column":3}},"39":{"start":{"line":91,"column":19},"end":{"line":91,"column":32}},"40":{"start":{"line":92,"column":19},"end":{"line":92,"column":42}},"41":{"start":{"line":94,"column":26},"end":{"line":94,"column":84}},"42":{"start":{"line":95,"column":8},"end":{"line":99,"column":9}},"43":{"start":{"line":96,"column":10},"end":{"line":96,"column":34}},"44":{"start":{"line":98,"column":10},"end":{"line":98,"column":39}},"45":{"start":{"line":100,"column":8},"end":{"line":114,"column":64}},"46":{"start":{"line":114,"column":22},"end":{"line":114,"column":62}},"47":{"start":{"line":122,"column":0},"end":{"line":126,"column":2}},"48":{"start":{"line":123,"column":2},"end":{"line":125,"column":52}},"49":{"start":{"line":125,"column":15},"end":{"line":125,"column":51}},"50":{"start":{"line":136,"column":2},"end":{"line":143,"column":4}},"51":{"start":{"line":137,"column":4},"end":{"line":140,"column":5}},"52":{"start":{"line":139,"column":6},"end":{"line":139,"column":12}},"53":{"start":{"line":142,"column":4},"end":{"line":142,"column":10}},"54":{"start":{"line":147,"column":0},"end":{"line":147,"column":24}}},"fnMap":{"0":{"name":"(anonymous_0)","decl":{"start":{"line":25,"column":15},"end":{"line":25,"column":16}},"loc":{"start":{"line":25,"column":40},"end":{"line":27,"column":3}},"line":25},"1":{"name":"(anonymous_1)","decl":{"start":{"line":28,"column":12},"end":{"line":28,"column":13}},"loc":{"start":{"line":28,"column":37},"end":{"line":30,"column":3}},"line":28},"2":{"name":"(anonymous_2)","decl":{"start":{"line":38,"column":16},"end":{"line":38,"column":17}},"loc":{"start":{"line":38,"column":42},"end":{"line":57,"column":1}},"line":38},"3":{"name":"(anonymous_3)","decl":{"start":{"line":44,"column":10},"end":{"line":44,"column":11}},"loc":{"start":{"line":44,"column":18},"end":{"line":44,"column":32}},"line":44},"4":{"name":"(anonymous_4)","decl":{"start":{"line":45,"column":13},"end":{"line":45,"column":14}},"loc":{"start":{"line":45,"column":20},"end":{"line":45,"column":58}},"line":45},"5":{"name":"(anonymous_5)","decl":{"start":{"line":54,"column":10},"end":{"line":54,"column":11}},"loc":{"start":{"line":54,"column":18},"end":{"line":54,"column":32}},"line":54},"6":{"name":"(anonymous_6)","decl":{"start":{"line":55,"column":11},"end":{"line":55,"column":12}},"loc":{"start":{"line":55,"column":18},"end":{"line":55,"column":56}},"line":55},"7":{"name":"(anonymous_7)","decl":{"start":{"line":61,"column":25},"end":{"line":61,"column":26}},"loc":{"start":{"line":61,"column":51},"end":{"line":65,"column":1}},"line":61},"8":{"name":"(anonymous_8)","decl":{"start":{"line":63,"column":8},"end":{"line":63,"column":9}},"loc":{"start":{"line":63,"column":16},"end":{"line":63,"column":30}},"line":63},"9":{"name":"(anonymous_9)","decl":{"start":{"line":64,"column":9},"end":{"line":64,"column":10}},"loc":{"start":{"line":64,"column":16},"end":{"line":64,"column":52}},"line":64},"10":{"name":"(anonymous_10)","decl":{"start":{"line":71,"column":59},"end":{"line":71,"column":60}},"loc":{"start":{"line":71,"column":73},"end":{"line":86,"column":1}},"line":71},"11":{"name":"(anonymous_11)","decl":{"start":{"line":84,"column":12},"end":{"line":84,"column":13}},"loc":{"start":{"line":84,"column":20},"end":{"line":84,"column":46}},"line":84},"12":{"name":"(anonymous_12)","decl":{"start":{"line":85,"column":13},"end":{"line":85,"column":14}},"loc":{"start":{"line":85,"column":20},"end":{"line":85,"column":72}},"line":85},"13":{"name":"(anonymous_13)","decl":{"start":{"line":90,"column":75},"end":{"line":90,"column":76}},"loc":{"start":{"line":90,"column":101},"end":{"line":115,"column":1}},"line":90},"14":{"name":"(anonymous_14)","decl":{"start":{"line":114,"column":15},"end":{"line":114,"column":16}},"loc":{"start":{"line":114,"column":22},"end":{"line":114,"column":62}},"line":114},"15":{"name":"(anonymous_15)","decl":{"start":{"line":122,"column":44},"end":{"line":122,"column":45}},"loc":{"start":{"line":122,"column":64},"end":{"line":126,"column":1}},"line":122},"16":{"name":"(anonymous_16)","decl":{"start":{"line":125,"column":8},"end":{"line":125,"column":9}},"loc":{"start":{"line":125,"column":15},"end":{"line":125,"column":51}},"line":125},"17":{"name":"deleteFile","decl":{"start":{"line":135,"column":9},"end":{"line":135,"column":19}},"loc":{"start":{"line":135,"column":25},"end":{"line":144,"column":1}},"line":135},"18":{"name":"(anonymous_18)","decl":{"start":{"line":136,"column":18},"end":{"line":136,"column":19}},"loc":{"start":{"line":136,"column":27},"end":{"line":143,"column":3}},"line":136}},"branchMap":{"0":{"loc":{"start":{"line":42,"column":2},"end":{"line":56,"column":3}},"type":"if","locations":[{"start":{"line":42,"column":2},"end":{"line":56,"column":3}},{"start":{"line":42,"column":2},"end":{"line":56,"column":3}}],"line":42},"1":{"loc":{"start":{"line":95,"column":8},"end":{"line":99,"column":9}},"type":"if","locations":[{"start":{"line":95,"column":8},"end":{"line":99,"column":9}},{"start":{"line":95,"column":8},"end":{"line":99,"column":9}}],"line":95},"2":{"loc":{"start":{"line":137,"column":4},"end":{"line":140,"column":5}},"type":"if","locations":[{"start":{"line":137,"column":4},"end":{"line":140,"column":5}},{"start":{"line":137,"column":4},"end":{"line":140,"column":5}}],"line":137}},"s":{"0":4,"1":4,"2":4,"3":4,"4":4,"5":4,"6":4,"7":4,"8":4,"9":4,"10":4,"11":4,"12":4,"13":2,"14":2,"15":4,"16":4,"17":0,"18":0,"19":0,"20":0,"21":0,"22":0,"23":0,"24":0,"25":0,"26":4,"27":0,"28":0,"29":0,"30":4,"31":1,"32":1,"33":1,"34":1,"35":1,"36":1,"37":0,"38":4,"39":1,"40":1,"41":1,"42":1,"43":0,"44":1,"45":1,"46":0,"47":4,"48":1,"49":0,"50":1,"51":1,"52":0,"53":1,"54":4},"f":{"0":2,"1":2,"2":0,"3":0,"4":0,"5":0,"6":0,"7":0,"8":0,"9":0,"10":1,"11":1,"12":0,"13":1,"14":0,"15":1,"16":0,"17":1,"18":1},"b":{"0":[0,0],"1":[0,1],"2":[0,1]},"_coverageSchema":"1a1c01bbd47fc00a2c39e90264f33305004495a9","hash":"285b8131d0f0d8b81bb80d7b29d398c52dd2f17b"}
,"C:\\Users\\haide\\OneDrive - Coventry University\\Computer-Science-Year-3\\Semeter-2\\Web_Api_Development\\Assignment\\back_end_apis\\routes\\messages.js": {"path":"C:\\Users\\haide\\OneDrive - Coventry University\\Computer-Science-Year-3\\Semeter-2\\Web_Api_Development\\Assignment\\back_end_apis\\routes\\messages.js","statementMap":{"0":{"start":{"line":1,"column":14},"end":{"line":1,"column":32}},"1":{"start":{"line":2,"column":13},"end":{"line":2,"column":29}},"2":{"start":{"line":3,"column":12},"end":{"line":3,"column":35}},"3":{"start":{"line":5,"column":17},"end":{"line":5,"column":42}},"4":{"start":{"line":6,"column":20},"end":{"line":6,"column":51}},"5":{"start":{"line":7,"column":14},"end":{"line":7,"column":40}},"6":{"start":{"line":8,"column":19},"end":{"line":8,"column":41}},"7":{"start":{"line":11,"column":0},"end":{"line":29,"column":2}},"8":{"start":{"line":13,"column":19},"end":{"line":13,"column":30}},"9":{"start":{"line":14,"column":21},"end":{"line":14,"column":30}},"10":{"start":{"line":15,"column":23},"end":{"line":15,"column":31}},"11":{"start":{"line":16,"column":22},"end":{"line":16,"column":30}},"12":{"start":{"line":18,"column":7},"end":{"line":18,"column":46}},"13":{"start":{"line":19,"column":7},"end":{"line":19,"column":51}},"14":{"start":{"line":21,"column":26},"end":{"line":25,"column":8}},"15":{"start":{"line":26,"column":6},"end":{"line":28,"column":59}},"16":{"start":{"line":27,"column":23},"end":{"line":27,"column":40}},"17":{"start":{"line":28,"column":20},"end":{"line":28,"column":58}},"18":{"start":{"line":31,"column":0},"end":{"line":39,"column":2}},"19":{"start":{"line":35,"column":23},"end":{"line":37,"column":36}},"20":{"start":{"line":38,"column":4},"end":{"line":38,"column":24}},"21":{"start":{"line":42,"column":0},"end":{"line":47,"column":2}},"22":{"start":{"line":43,"column":17},"end":{"line":43,"column":26}},"23":{"start":{"line":44,"column":4},"end":{"line":46,"column":54}},"24":{"start":{"line":46,"column":17},"end":{"line":46,"column":53}},"25":{"start":{"line":50,"column":0},"end":{"line":59,"column":2}},"26":{"start":{"line":51,"column":15},"end":{"line":51,"column":26}},"27":{"start":{"line":52,"column":3},"end":{"line":52,"column":19}},"28":{"start":{"line":53,"column":23},"end":{"line":55,"column":20}},"29":{"start":{"line":56,"column":3},"end":{"line":56,"column":24}},"30":{"start":{"line":64,"column":18},"end":{"line":64,"column":35}},"31":{"start":{"line":65,"column":19},"end":{"line":65,"column":52}},"32":{"start":{"line":66,"column":4},"end":{"line":66,"column":20}},"33":{"start":{"line":69,"column":0},"end":{"line":69,"column":24}}},"fnMap":{"0":{"name":"(anonymous_0)","decl":{"start":{"line":11,"column":31},"end":{"line":11,"column":32}},"loc":{"start":{"line":11,"column":57},"end":{"line":29,"column":1}},"line":11},"1":{"name":"(anonymous_1)","decl":{"start":{"line":27,"column":12},"end":{"line":27,"column":13}},"loc":{"start":{"line":27,"column":23},"end":{"line":27,"column":40}},"line":27},"2":{"name":"(anonymous_2)","decl":{"start":{"line":28,"column":13},"end":{"line":28,"column":14}},"loc":{"start":{"line":28,"column":20},"end":{"line":28,"column":58}},"line":28},"3":{"name":"(anonymous_3)","decl":{"start":{"line":31,"column":26},"end":{"line":31,"column":27}},"loc":{"start":{"line":31,"column":52},"end":{"line":39,"column":1}},"line":31},"4":{"name":"(anonymous_4)","decl":{"start":{"line":42,"column":25},"end":{"line":42,"column":26}},"loc":{"start":{"line":42,"column":49},"end":{"line":47,"column":1}},"line":42},"5":{"name":"(anonymous_5)","decl":{"start":{"line":46,"column":10},"end":{"line":46,"column":11}},"loc":{"start":{"line":46,"column":17},"end":{"line":46,"column":53}},"line":46},"6":{"name":"(anonymous_6)","decl":{"start":{"line":50,"column":30},"end":{"line":50,"column":31}},"loc":{"start":{"line":50,"column":55},"end":{"line":59,"column":1}},"line":50},"7":{"name":"userId","decl":{"start":{"line":63,"column":9},"end":{"line":63,"column":15}},"loc":{"start":{"line":63,"column":20},"end":{"line":67,"column":3}},"line":63}},"branchMap":{},"s":{"0":4,"1":4,"2":4,"3":4,"4":4,"5":4,"6":4,"7":4,"8":1,"9":1,"10":1,"11":1,"12":1,"13":1,"14":1,"15":1,"16":0,"17":1,"18":4,"19":0,"20":0,"21":4,"22":0,"23":0,"24":0,"25":4,"26":0,"27":0,"28":0,"29":0,"30":1,"31":1,"32":1,"33":4},"f":{"0":1,"1":0,"2":1,"3":0,"4":0,"5":0,"6":0,"7":1},"b":{},"_coverageSchema":"1a1c01bbd47fc00a2c39e90264f33305004495a9","hash":"41208523e502a3d87de566b1f875149391f70c36"}
,"C:\\Users\\haide\\OneDrive - Coventry University\\Computer-Science-Year-3\\Semeter-2\\Web_Api_Development\\Assignment\\back_end_apis\\routes\\users.js": {"path":"C:\\Users\\haide\\OneDrive - Coventry University\\Computer-Science-Year-3\\Semeter-2\\Web_Api_Development\\Assignment\\back_end_apis\\routes\\users.js","statementMap":{"0":{"start":{"line":2,"column":14},"end":{"line":2,"column":32}},"1":{"start":{"line":3,"column":13},"end":{"line":3,"column":29}},"2":{"start":{"line":4,"column":15},"end":{"line":4,"column":34}},"3":{"start":{"line":5,"column":14},"end":{"line":5,"column":40}},"4":{"start":{"line":6,"column":19},"end":{"line":6,"column":41}},"5":{"start":{"line":7,"column":59},"end":{"line":7,"column":85}},"6":{"start":{"line":8,"column":12},"end":{"line":8,"column":35}},"7":{"start":{"line":9,"column":17},"end":{"line":9,"column":47}},"8":{"start":{"line":10,"column":36},"end":{"line":10,"column":76}},"9":{"start":{"line":13,"column":12},"end":{"line":13,"column":50}},"10":{"start":{"line":14,"column":13},"end":{"line":14,"column":38}},"11":{"start":{"line":36,"column":0},"end":{"line":36,"column":38}},"12":{"start":{"line":38,"column":0},"end":{"line":40,"column":2}},"13":{"start":{"line":39,"column":2},"end":{"line":39,"column":62}},"14":{"start":{"line":43,"column":0},"end":{"line":43,"column":34}},"15":{"start":{"line":46,"column":0},"end":{"line":50,"column":3}},"16":{"start":{"line":47,"column":2},"end":{"line":49,"column":34}},"17":{"start":{"line":49,"column":18},"end":{"line":49,"column":32}},"18":{"start":{"line":53,"column":0},"end":{"line":98,"column":2}},"19":{"start":{"line":56,"column":72},"end":{"line":56,"column":80}},"20":{"start":{"line":58,"column":2},"end":{"line":60,"column":3}},"21":{"start":{"line":59,"column":4},"end":{"line":59,"column":72}},"22":{"start":{"line":62,"column":1},"end":{"line":96,"column":7}},"23":{"start":{"line":65,"column":6},"end":{"line":65,"column":80}},"24":{"start":{"line":65,"column":16},"end":{"line":65,"column":80}},"25":{"start":{"line":66,"column":23},"end":{"line":73,"column":8}},"26":{"start":{"line":76,"column":6},"end":{"line":94,"column":8}},"27":{"start":{"line":77,"column":8},"end":{"line":93,"column":10}},"28":{"start":{"line":78,"column":10},"end":{"line":78,"column":29}},"29":{"start":{"line":78,"column":19},"end":{"line":78,"column":29}},"30":{"start":{"line":79,"column":10},"end":{"line":79,"column":35}},"31":{"start":{"line":81,"column":10},"end":{"line":92,"column":15}},"32":{"start":{"line":84,"column":14},"end":{"line":91,"column":16}},"33":{"start":{"line":100,"column":0},"end":{"line":117,"column":2}},"34":{"start":{"line":103,"column":14},"end":{"line":103,"column":25}},"35":{"start":{"line":104,"column":12},"end":{"line":104,"column":86}},"36":{"start":{"line":105,"column":12},"end":{"line":105,"column":40}},"37":{"start":{"line":106,"column":2},"end":{"line":108,"column":3}},"38":{"start":{"line":107,"column":4},"end":{"line":107,"column":44}},"39":{"start":{"line":109,"column":14},"end":{"line":109,"column":27}},"40":{"start":{"line":110,"column":2},"end":{"line":116,"column":57}},"41":{"start":{"line":116,"column":18},"end":{"line":116,"column":56}},"42":{"start":{"line":120,"column":0},"end":{"line":134,"column":3}},"43":{"start":{"line":121,"column":13},"end":{"line":121,"column":24}},"44":{"start":{"line":122,"column":2},"end":{"line":133,"column":3}},"45":{"start":{"line":125,"column":3},"end":{"line":130,"column":57}},"46":{"start":{"line":129,"column":4},"end":{"line":129,"column":39}},"47":{"start":{"line":130,"column":18},"end":{"line":130,"column":56}},"48":{"start":{"line":132,"column":6},"end":{"line":132,"column":31}},"49":{"start":{"line":145,"column":16},"end":{"line":145,"column":33}},"50":{"start":{"line":146,"column":17},"end":{"line":146,"column":50}},"51":{"start":{"line":147,"column":2},"end":{"line":147,"column":18}},"52":{"start":{"line":165,"column":0},"end":{"line":165,"column":24}}},"fnMap":{"0":{"name":"(anonymous_0)","decl":{"start":{"line":38,"column":22},"end":{"line":38,"column":23}},"loc":{"start":{"line":38,"column":36},"end":{"line":40,"column":1}},"line":38},"1":{"name":"(anonymous_1)","decl":{"start":{"line":46,"column":22},"end":{"line":46,"column":23}},"loc":{"start":{"line":46,"column":36},"end":{"line":50,"column":1}},"line":46},"2":{"name":"(anonymous_2)","decl":{"start":{"line":49,"column":10},"end":{"line":49,"column":11}},"loc":{"start":{"line":49,"column":18},"end":{"line":49,"column":32}},"line":49},"3":{"name":"(anonymous_3)","decl":{"start":{"line":53,"column":17},"end":{"line":53,"column":18}},"loc":{"start":{"line":53,"column":37},"end":{"line":98,"column":1}},"line":53},"4":{"name":"(anonymous_4)","decl":{"start":{"line":63,"column":10},"end":{"line":63,"column":11}},"loc":{"start":{"line":63,"column":18},"end":{"line":96,"column":5}},"line":63},"5":{"name":"(anonymous_5)","decl":{"start":{"line":76,"column":25},"end":{"line":76,"column":26}},"loc":{"start":{"line":76,"column":40},"end":{"line":94,"column":7}},"line":76},"6":{"name":"(anonymous_6)","decl":{"start":{"line":77,"column":45},"end":{"line":77,"column":46}},"loc":{"start":{"line":77,"column":60},"end":{"line":93,"column":9}},"line":77},"7":{"name":"(anonymous_7)","decl":{"start":{"line":82,"column":18},"end":{"line":82,"column":19}},"loc":{"start":{"line":82,"column":26},"end":{"line":92,"column":13}},"line":82},"8":{"name":"(anonymous_8)","decl":{"start":{"line":100,"column":34},"end":{"line":100,"column":35}},"loc":{"start":{"line":100,"column":60},"end":{"line":117,"column":1}},"line":100},"9":{"name":"(anonymous_9)","decl":{"start":{"line":116,"column":11},"end":{"line":116,"column":12}},"loc":{"start":{"line":116,"column":18},"end":{"line":116,"column":56}},"line":116},"10":{"name":"(anonymous_10)","decl":{"start":{"line":120,"column":29},"end":{"line":120,"column":30}},"loc":{"start":{"line":120,"column":54},"end":{"line":134,"column":1}},"line":120},"11":{"name":"(anonymous_11)","decl":{"start":{"line":128,"column":8},"end":{"line":128,"column":9}},"loc":{"start":{"line":128,"column":14},"end":{"line":130,"column":3}},"line":128},"12":{"name":"(anonymous_12)","decl":{"start":{"line":130,"column":11},"end":{"line":130,"column":12}},"loc":{"start":{"line":130,"column":18},"end":{"line":130,"column":56}},"line":130},"13":{"name":"userId","decl":{"start":{"line":144,"column":9},"end":{"line":144,"column":15}},"loc":{"start":{"line":144,"column":20},"end":{"line":148,"column":1}},"line":144}},"branchMap":{"0":{"loc":{"start":{"line":58,"column":2},"end":{"line":60,"column":3}},"type":"if","locations":[{"start":{"line":58,"column":2},"end":{"line":60,"column":3}},{"start":{"line":58,"column":2},"end":{"line":60,"column":3}}],"line":58},"1":{"loc":{"start":{"line":58,"column":6},"end":{"line":58,"column":79}},"type":"binary-expr","locations":[{"start":{"line":58,"column":6},"end":{"line":58,"column":16}},{"start":{"line":58,"column":20},"end":{"line":58,"column":29}},{"start":{"line":58,"column":33},"end":{"line":58,"column":42}},{"start":{"line":58,"column":46},"end":{"line":58,"column":52}},{"start":{"line":58,"column":56},"end":{"line":58,"column":66}},{"start":{"line":58,"column":70},"end":{"line":58,"column":79}}],"line":58},"2":{"loc":{"start":{"line":65,"column":6},"end":{"line":65,"column":80}},"type":"if","locations":[{"start":{"line":65,"column":6},"end":{"line":65,"column":80}},{"start":{"line":65,"column":6},"end":{"line":65,"column":80}}],"line":65},"3":{"loc":{"start":{"line":78,"column":10},"end":{"line":78,"column":29}},"type":"if","locations":[{"start":{"line":78,"column":10},"end":{"line":78,"column":29}},{"start":{"line":78,"column":10},"end":{"line":78,"column":29}}],"line":78},"4":{"loc":{"start":{"line":106,"column":2},"end":{"line":108,"column":3}},"type":"if","locations":[{"start":{"line":106,"column":2},"end":{"line":108,"column":3}},{"start":{"line":106,"column":2},"end":{"line":108,"column":3}}],"line":106}},"s":{"0":4,"1":4,"2":4,"3":4,"4":4,"5":4,"6":4,"7":4,"8":4,"9":4,"10":4,"11":4,"12":4,"13":0,"14":4,"15":4,"16":0,"17":0,"18":4,"19":4,"20":4,"21":1,"22":3,"23":3,"24":0,"25":3,"26":3,"27":3,"28":3,"29":0,"30":3,"31":3,"32":3,"33":4,"34":0,"35":0,"36":0,"37":0,"38":0,"39":0,"40":0,"41":0,"42":4,"43":1,"44":1,"45":1,"46":1,"47":0,"48":0,"49":1,"50":1,"51":1,"52":4},"f":{"0":0,"1":0,"2":0,"3":4,"4":3,"5":3,"6":3,"7":3,"8":0,"9":0,"10":1,"11":1,"12":0,"13":1},"b":{"0":[1,3],"1":[4,4,4,3,3,3],"2":[0,3],"3":[0,3],"4":[0,0]},"_coverageSchema":"1a1c01bbd47fc00a2c39e90264f33305004495a9","hash":"e2a50e0951c637bab41526771a766cf7f3848ec7"}
,"C:\\Users\\haide\\OneDrive - Coventry University\\Computer-Science-Year-3\\Semeter-2\\Web_Api_Development\\Assignment\\back_end_apis\\strategies\\auth_token.js": {"path":"C:\\Users\\haide\\OneDrive - Coventry University\\Computer-Science-Year-3\\Semeter-2\\Web_Api_Development\\Assignment\\back_end_apis\\strategies\\auth_token.js","statementMap":{"0":{"start":{"line":1,"column":12},"end":{"line":1,"column":35}},"1":{"start":{"line":10,"column":17},"end":{"line":10,"column":34}},"2":{"start":{"line":11,"column":4},"end":{"line":14,"column":5}},"3":{"start":{"line":13,"column":8},"end":{"line":13,"column":73}},"4":{"start":{"line":15,"column":5},"end":{"line":25,"column":6}},"5":{"start":{"line":17,"column":23},"end":{"line":17,"column":56}},"6":{"start":{"line":19,"column":8},"end":{"line":19,"column":26}},"7":{"start":{"line":21,"column":8},"end":{"line":21,"column":15}},"8":{"start":{"line":24,"column":8},"end":{"line":24,"column":58}},"9":{"start":{"line":27,"column":0},"end":{"line":27,"column":22}}},"fnMap":{"0":{"name":"auth","decl":{"start":{"line":9,"column":9},"end":{"line":9,"column":13}},"loc":{"start":{"line":9,"column":29},"end":{"line":26,"column":1}},"line":9}},"branchMap":{"0":{"loc":{"start":{"line":11,"column":4},"end":{"line":14,"column":5}},"type":"if","locations":[{"start":{"line":11,"column":4},"end":{"line":14,"column":5}},{"start":{"line":11,"column":4},"end":{"line":14,"column":5}}],"line":11}},"s":{"0":4,"1":5,"2":5,"3":0,"4":5,"5":5,"6":4,"7":4,"8":1,"9":4},"f":{"0":5},"b":{"0":[0,5]},"_coverageSchema":"1a1c01bbd47fc00a2c39e90264f33305004495a9","hash":"0790fe4f1893b7a68df56a9930d116086b2ad010"}
}
