TN:
SF:app.js
FNF:0
FNH:0
DA:1,3
DA:2,3
DA:3,3
DA:6,3
DA:8,3
DA:9,3
DA:10,3
DA:11,3
DA:12,3
DA:16,3
DA:17,3
DA:18,3
DA:19,3
DA:20,3
DA:21,3
DA:22,3
DA:23,3
DA:25,3
DA:26,3
DA:28,3
LF:20
LH:20
BRF:0
BRH:0
end_of_record
TN:
SF:controllers\auth.js
FN:21,(anonymous_0)
FN:30,(anonymous_1)
FN:34,(anonymous_2)
FN:52,(anonymous_3)
FN:63,(anonymous_4)
FN:76,(anonymous_5)
FN:83,(anonymous_6)
FN:94,authtoken
FN:109,(anonymous_8)
FN:112,(anonymous_9)
FNF:10
FNH:4
FNDA:3,(anonymous_0)
FNDA:3,(anonymous_1)
FNDA:3,(anonymous_2)
FNDA:0,(anonymous_3)
FNDA:0,(anonymous_4)
FNDA:0,(anonymous_5)
FNDA:0,(anonymous_6)
FNDA:2,authtoken
FNDA:0,(anonymous_8)
FNDA:0,(anonymous_9)
DA:3,3
DA:4,3
DA:5,3
DA:6,3
DA:8,3
DA:9,3
DA:10,3
DA:12,3
DA:21,3
DA:23,3
DA:26,3
DA:27,0
DA:29,3
DA:31,3
DA:33,3
DA:35,3
DA:36,2
DA:37,2
DA:52,3
DA:53,0
DA:63,3
DA:65,0
DA:67,0
DA:69,0
DA:73,0
DA:75,0
DA:77,0
DA:78,0
DA:81,0
DA:83,0
DA:95,2
DA:100,2
DA:109,3
DA:110,0
DA:112,0
DA:118,3
LF:36
LH:23
BRDA:26,0,0,0
BRDA:26,0,1,3
BRDA:26,1,0,3
BRDA:26,1,1,3
BRDA:31,2,0,0
BRDA:31,2,1,3
BRDA:35,3,0,1
BRDA:35,3,1,2
BRDA:67,4,0,0
BRDA:67,4,1,0
BRDA:77,5,0,0
BRDA:77,5,1,0
BRF:12
BRH:6
end_of_record
TN:
SF:helpers\databse.js
FN:9,(anonymous_0)
FN:17,(anonymous_1)
FNF:2
FNH:1
FNDA:3,(anonymous_0)
FNDA:0,(anonymous_1)
DA:3,3
DA:6,3
DA:9,3
DA:10,3
DA:17,0
DA:21,3
LF:6
LH:5
BRF:0
BRH:0
end_of_record
TN:
SF:models\chat.js
FNF:0
FNH:0
DA:1,3
DA:2,3
DA:9,3
DA:32,3
LF:4
LH:4
BRF:0
BRH:0
end_of_record
TN:
SF:models\dogs.js
FNF:0
FNH:0
DA:1,3
DA:2,3
DA:8,3
DA:38,3
LF:4
LH:4
BRF:0
BRH:0
end_of_record
TN:
SF:models\partipents.js
FNF:0
FNH:0
DA:2,3
DA:3,3
DA:25,3
DA:40,3
LF:4
LH:4
BRF:0
BRH:0
end_of_record
TN:
SF:models\users.js
FNF:0
FNH:0
DA:1,3
DA:2,3
DA:4,3
DA:9,3
DA:54,3
LF:5
LH:5
BRF:0
BRH:0
end_of_record
TN:
SF:permissions\locRole.js
FN:11,locRole
FN:14,(anonymous_1)
FN:15,(anonymous_2)
FNF:3
FNH:3
FNDA:1,locRole
FNDA:1,(anonymous_1)
FNDA:1,(anonymous_2)
DA:2,3
DA:3,3
DA:12,1
DA:15,1
DA:16,1
DA:17,1
DA:19,0
DA:24,3
LF:8
LH:7
BRDA:16,0,0,1
BRDA:16,0,1,0
BRF:2
BRH:1
end_of_record
TN:
SF:permissions\role.js
FN:11,userRole
FN:14,(anonymous_1)
FNF:2
FNH:2
FNDA:3,userRole
FNDA:3,(anonymous_1)
DA:2,3
DA:12,3
DA:15,3
DA:17,3
DA:21,0
DA:24,3
LF:6
LH:5
BRDA:15,0,0,3
BRDA:15,0,1,0
BRF:2
BRH:1
end_of_record
TN:
SF:routes\dogs.js
FN:23,(anonymous_0)
FN:26,(anonymous_1)
FN:36,(anonymous_2)
FN:42,(anonymous_3)
FN:43,(anonymous_4)
FN:52,(anonymous_5)
FN:53,(anonymous_6)
FN:59,(anonymous_7)
FN:61,(anonymous_8)
FN:62,(anonymous_9)
FN:69,(anonymous_10)
FN:82,(anonymous_11)
FN:83,(anonymous_12)
FN:88,(anonymous_13)
FN:113,(anonymous_14)
FN:121,(anonymous_15)
FN:124,(anonymous_16)
FN:134,deleteFile
FN:135,(anonymous_18)
FNF:19
FNH:8
FNDA:2,(anonymous_0)
FNDA:2,(anonymous_1)
FNDA:0,(anonymous_2)
FNDA:0,(anonymous_3)
FNDA:0,(anonymous_4)
FNDA:0,(anonymous_5)
FNDA:0,(anonymous_6)
FNDA:0,(anonymous_7)
FNDA:0,(anonymous_8)
FNDA:0,(anonymous_9)
FNDA:1,(anonymous_10)
FNDA:1,(anonymous_11)
FNDA:0,(anonymous_12)
FNDA:1,(anonymous_13)
FNDA:0,(anonymous_14)
FNDA:1,(anonymous_15)
FNDA:0,(anonymous_16)
FNDA:1,deleteFile
FNDA:1,(anonymous_18)
DA:2,3
DA:3,3
DA:4,3
DA:5,3
DA:6,3
DA:8,3
DA:9,3
DA:10,3
DA:11,3
DA:12,3
DA:13,3
DA:14,3
DA:21,3
DA:24,2
DA:27,2
DA:30,3
DA:36,3
DA:37,0
DA:39,0
DA:40,0
DA:41,0
DA:42,0
DA:43,0
DA:46,0
DA:52,0
DA:53,0
DA:59,3
DA:60,0
DA:61,0
DA:62,0
DA:69,3
DA:71,1
DA:72,1
DA:73,1
DA:74,1
DA:81,1
DA:82,1
DA:83,0
DA:88,3
DA:89,1
DA:90,1
DA:92,1
DA:93,1
DA:94,1
DA:95,0
DA:97,1
DA:99,1
DA:113,0
DA:121,3
DA:122,1
DA:124,0
DA:135,1
DA:136,1
DA:137,0
DA:138,0
DA:140,1
DA:141,1
DA:146,3
LF:58
LH:40
BRDA:40,0,0,0
BRDA:40,0,1,0
BRDA:94,1,0,0
BRDA:94,1,1,1
BRDA:136,2,0,0
BRDA:136,2,1,1
BRF:6
BRH:2
end_of_record
TN:
SF:routes\messages.js
FN:11,(anonymous_0)
FN:38,(anonymous_1)
FN:39,(anonymous_2)
FN:42,(anonymous_3)
FN:53,(anonymous_4)
FN:57,(anonymous_5)
FN:61,(anonymous_6)
FN:74,userId
FNF:8
FNH:0
FNDA:0,(anonymous_0)
FNDA:0,(anonymous_1)
FNDA:0,(anonymous_2)
FNDA:0,(anonymous_3)
FNDA:0,(anonymous_4)
FNDA:0,(anonymous_5)
FNDA:0,(anonymous_6)
FNDA:0,userId
DA:1,3
DA:2,3
DA:3,3
DA:5,3
DA:6,3
DA:7,3
DA:8,3
DA:11,3
DA:13,0
DA:14,0
DA:15,0
DA:16,0
DA:18,0
DA:19,0
DA:21,0
DA:22,0
DA:23,0
DA:28,0
DA:32,0
DA:37,0
DA:38,0
DA:39,0
DA:42,3
DA:46,0
DA:49,0
DA:53,3
DA:54,0
DA:55,0
DA:57,0
DA:61,3
DA:62,0
DA:63,0
DA:64,0
DA:67,0
DA:75,0
DA:76,0
DA:77,0
DA:80,3
LF:38
LH:12
BRDA:22,0,0,0
BRDA:22,0,1,0
BRF:2
BRH:0
end_of_record
TN:
SF:routes\users.js
FN:20,(anonymous_0)
FN:22,(anonymous_1)
FN:23,(anonymous_2)
FN:35,(anonymous_3)
FN:45,(anonymous_4)
FN:58,(anonymous_5)
FN:59,(anonymous_6)
FN:64,(anonymous_7)
FN:82,(anonymous_8)
FN:98,(anonymous_9)
FN:102,(anonymous_10)
FN:110,(anonymous_11)
FN:112,(anonymous_12)
FN:126,userId
FNF:14
FNH:5
FNDA:0,(anonymous_0)
FNDA:0,(anonymous_1)
FNDA:0,(anonymous_2)
FNDA:3,(anonymous_3)
FNDA:2,(anonymous_4)
FNDA:2,(anonymous_5)
FNDA:2,(anonymous_6)
FNDA:2,(anonymous_7)
FNDA:0,(anonymous_8)
FNDA:0,(anonymous_9)
FNDA:0,(anonymous_10)
FNDA:0,(anonymous_11)
FNDA:0,(anonymous_12)
FNDA:0,userId
DA:2,3
DA:3,3
DA:4,3
DA:5,3
DA:6,3
DA:7,3
DA:8,3
DA:9,3
DA:11,3
DA:12,3
DA:20,3
DA:21,0
DA:22,0
DA:23,0
DA:35,3
DA:38,3
DA:40,3
DA:41,1
DA:44,2
DA:47,2
DA:48,2
DA:58,2
DA:59,2
DA:60,2
DA:61,2
DA:63,2
DA:66,2
DA:82,3
DA:85,0
DA:86,0
DA:87,0
DA:88,0
DA:89,0
DA:91,0
DA:92,0
DA:98,0
DA:102,3
DA:103,0
DA:104,0
DA:107,0
DA:111,0
DA:112,0
DA:114,0
DA:127,0
DA:128,0
DA:129,0
DA:147,3
LF:47
LH:27
BRDA:40,0,0,1
BRDA:40,0,1,2
BRDA:40,1,0,3
BRDA:40,1,1,3
BRDA:40,1,2,3
BRDA:40,1,3,2
BRDA:40,1,4,2
BRDA:40,1,5,2
BRDA:47,2,0,0
BRDA:47,2,1,2
BRDA:60,3,0,0
BRDA:60,3,1,2
BRDA:88,4,0,0
BRDA:88,4,1,0
BRF:14
BRH:10
end_of_record
TN:
SF:strategies\auth_token.js
FN:9,auth
FNF:1
FNH:1
FNDA:4,auth
DA:1,3
DA:10,4
DA:14,4
DA:16,0
DA:18,4
DA:20,4
DA:22,3
DA:24,3
DA:27,1
DA:30,3
LF:10
LH:9
BRDA:14,0,0,0
BRDA:14,0,1,4
BRF:2
BRH:1
end_of_record
