TN:
SF:app.js
FNF:0
FNH:0
DA:1,4
DA:2,4
DA:3,4
DA:6,4
DA:8,4
DA:9,4
DA:10,4
DA:11,4
DA:16,4
DA:17,4
DA:18,4
DA:19,4
DA:20,4
DA:22,4
DA:23,4
DA:25,4
DA:26,4
DA:28,4
LF:18
LH:18
BRF:0
BRH:0
end_of_record
TN:
SF:controllers\authController.js
FN:18,(anonymous_0)
FN:27,(anonymous_1)
FN:31,(anonymous_2)
FN:55,(anonymous_3)
FN:68,(anonymous_4)
FN:75,(anonymous_5)
FN:86,authtoken
FNF:7
FNH:6
FNDA:4,(anonymous_0)
FNDA:4,(anonymous_1)
FNDA:4,(anonymous_2)
FNDA:2,(anonymous_3)
FNDA:2,(anonymous_4)
FNDA:0,(anonymous_5)
FNDA:3,authtoken
DA:2,4
DA:3,4
DA:4,4
DA:5,4
DA:7,4
DA:8,4
DA:18,4
DA:20,4
DA:23,4
DA:24,0
DA:26,4
DA:28,4
DA:30,4
DA:32,4
DA:33,3
DA:34,3
DA:55,4
DA:57,2
DA:59,2
DA:61,0
DA:65,2
DA:67,2
DA:69,2
DA:70,1
DA:73,1
DA:75,0
DA:87,3
DA:92,3
LF:28
LH:25
BRDA:23,0,0,0
BRDA:23,0,1,4
BRDA:23,1,0,4
BRDA:23,1,1,4
BRDA:28,2,0,0
BRDA:28,2,1,4
BRDA:32,3,0,1
BRDA:32,3,1,3
BRDA:59,4,0,0
BRDA:59,4,1,2
BRDA:69,5,0,1
BRDA:69,5,1,1
BRF:12
BRH:9
end_of_record
TN:
SF:helpers\databse.js
FN:9,(anonymous_0)
FN:17,(anonymous_1)
FNF:2
FNH:1
FNDA:4,(anonymous_0)
FNDA:0,(anonymous_1)
DA:3,4
DA:6,4
DA:9,4
DA:10,4
DA:17,0
DA:21,4
LF:6
LH:5
BRF:0
BRH:0
end_of_record
TN:
SF:models\chat.js
FNF:0
FNH:0
DA:1,4
DA:2,4
DA:9,4
DA:32,4
LF:4
LH:4
BRF:0
BRH:0
end_of_record
TN:
SF:models\dogs.js
FNF:0
FNH:0
DA:1,4
DA:2,4
DA:8,4
DA:38,4
LF:4
LH:4
BRF:0
BRH:0
end_of_record
TN:
SF:models\partipents.js
FNF:0
FNH:0
DA:2,4
DA:3,4
DA:25,4
DA:40,4
LF:4
LH:4
BRF:0
BRH:0
end_of_record
TN:
SF:models\users.js
FNF:0
FNH:0
DA:1,4
DA:2,4
DA:4,4
DA:9,4
DA:54,4
LF:5
LH:5
BRF:0
BRH:0
end_of_record
TN:
SF:permissions\locRole.js
FN:11,locRole
FN:14,(anonymous_1)
FN:15,(anonymous_2)
FNF:3
FNH:3
FNDA:1,locRole
FNDA:1,(anonymous_1)
FNDA:1,(anonymous_2)
DA:2,4
DA:3,4
DA:12,1
DA:15,1
DA:16,1
DA:17,1
DA:19,0
DA:24,4
LF:8
LH:7
BRDA:16,0,0,1
BRDA:16,0,1,0
BRF:2
BRH:1
end_of_record
TN:
SF:permissions\role.js
FN:11,userRole
FN:14,(anonymous_1)
FNF:2
FNH:2
FNDA:3,userRole
FNDA:3,(anonymous_1)
DA:2,4
DA:12,3
DA:15,3
DA:17,3
DA:21,0
DA:24,4
LF:6
LH:5
BRDA:15,0,0,3
BRDA:15,0,1,0
BRF:2
BRH:1
end_of_record
TN:
SF:routes\dogs.js
FN:25,(anonymous_0)
FN:28,(anonymous_1)
FN:38,(anonymous_2)
FN:44,(anonymous_3)
FN:45,(anonymous_4)
FN:54,(anonymous_5)
FN:55,(anonymous_6)
FN:61,(anonymous_7)
FN:63,(anonymous_8)
FN:64,(anonymous_9)
FN:71,(anonymous_10)
FN:84,(anonymous_11)
FN:85,(anonymous_12)
FN:90,(anonymous_13)
FN:114,(anonymous_14)
FN:122,(anonymous_15)
FN:125,(anonymous_16)
FN:135,deleteFile
FN:136,(anonymous_18)
FNF:19
FNH:8
FNDA:2,(anonymous_0)
FNDA:2,(anonymous_1)
FNDA:0,(anonymous_2)
FNDA:0,(anonymous_3)
FNDA:0,(anonymous_4)
FNDA:0,(anonymous_5)
FNDA:0,(anonymous_6)
FNDA:0,(anonymous_7)
FNDA:0,(anonymous_8)
FNDA:0,(anonymous_9)
FNDA:1,(anonymous_10)
FNDA:1,(anonymous_11)
FNDA:0,(anonymous_12)
FNDA:1,(anonymous_13)
FNDA:0,(anonymous_14)
FNDA:1,(anonymous_15)
FNDA:0,(anonymous_16)
FNDA:1,deleteFile
FNDA:1,(anonymous_18)
DA:2,4
DA:3,4
DA:4,4
DA:5,4
DA:6,4
DA:8,4
DA:9,4
DA:10,4
DA:11,4
DA:13,4
DA:15,4
DA:16,4
DA:23,4
DA:26,2
DA:29,2
DA:32,4
DA:38,4
DA:39,0
DA:41,0
DA:42,0
DA:43,0
DA:44,0
DA:45,0
DA:48,0
DA:54,0
DA:55,0
DA:61,4
DA:62,0
DA:63,0
DA:64,0
DA:71,4
DA:73,1
DA:74,1
DA:75,1
DA:76,1
DA:83,1
DA:84,1
DA:85,0
DA:90,4
DA:91,1
DA:92,1
DA:94,1
DA:95,1
DA:96,0
DA:98,1
DA:100,1
DA:114,0
DA:122,4
DA:123,1
DA:125,0
DA:136,1
DA:137,1
DA:139,0
DA:142,1
DA:147,4
LF:55
LH:38
BRDA:42,0,0,0
BRDA:42,0,1,0
BRDA:95,1,0,0
BRDA:95,1,1,1
BRDA:137,2,0,0
BRDA:137,2,1,1
BRF:6
BRH:2
end_of_record
TN:
SF:routes\messages.js
FN:11,(anonymous_0)
FN:27,(anonymous_1)
FN:28,(anonymous_2)
FN:31,(anonymous_3)
FN:42,(anonymous_4)
FN:46,(anonymous_5)
FN:50,(anonymous_6)
FN:63,userId
FNF:8
FNH:3
FNDA:1,(anonymous_0)
FNDA:0,(anonymous_1)
FNDA:1,(anonymous_2)
FNDA:0,(anonymous_3)
FNDA:0,(anonymous_4)
FNDA:0,(anonymous_5)
FNDA:0,(anonymous_6)
FNDA:1,userId
DA:1,4
DA:2,4
DA:3,4
DA:5,4
DA:6,4
DA:7,4
DA:8,4
DA:11,4
DA:13,1
DA:14,1
DA:15,1
DA:16,1
DA:18,1
DA:19,1
DA:21,1
DA:26,1
DA:27,0
DA:28,1
DA:31,4
DA:35,0
DA:38,0
DA:42,4
DA:43,0
DA:44,0
DA:46,0
DA:50,4
DA:51,0
DA:52,0
DA:53,0
DA:56,0
DA:64,1
DA:65,1
DA:66,1
DA:69,4
LF:34
LH:24
BRF:0
BRH:0
end_of_record
TN:
SF:routes\users.js
FN:38,(anonymous_0)
FN:46,(anonymous_1)
FN:49,(anonymous_2)
FN:53,(anonymous_3)
FN:63,(anonymous_4)
FN:76,(anonymous_5)
FN:77,(anonymous_6)
FN:82,(anonymous_7)
FN:100,(anonymous_8)
FN:116,(anonymous_9)
FN:120,(anonymous_10)
FN:128,(anonymous_11)
FN:130,(anonymous_12)
FN:144,userId
FNF:14
FNH:8
FNDA:0,(anonymous_0)
FNDA:0,(anonymous_1)
FNDA:0,(anonymous_2)
FNDA:4,(anonymous_3)
FNDA:3,(anonymous_4)
FNDA:3,(anonymous_5)
FNDA:3,(anonymous_6)
FNDA:3,(anonymous_7)
FNDA:0,(anonymous_8)
FNDA:0,(anonymous_9)
FNDA:1,(anonymous_10)
FNDA:1,(anonymous_11)
FNDA:0,(anonymous_12)
FNDA:1,userId
DA:2,4
DA:3,4
DA:4,4
DA:5,4
DA:6,4
DA:7,4
DA:8,4
DA:9,4
DA:10,4
DA:13,4
DA:14,4
DA:36,4
DA:38,4
DA:39,0
DA:43,4
DA:46,4
DA:47,0
DA:49,0
DA:53,4
DA:56,4
DA:58,4
DA:59,1
DA:62,3
DA:65,3
DA:66,3
DA:76,3
DA:77,3
DA:78,3
DA:79,3
DA:81,3
DA:84,3
DA:100,4
DA:103,0
DA:104,0
DA:105,0
DA:106,0
DA:107,0
DA:109,0
DA:110,0
DA:116,0
DA:120,4
DA:121,1
DA:122,1
DA:125,1
DA:129,1
DA:130,0
DA:132,0
DA:145,1
DA:146,1
DA:147,1
DA:165,4
LF:51
LH:38
BRDA:58,0,0,1
BRDA:58,0,1,3
BRDA:58,1,0,4
BRDA:58,1,1,4
BRDA:58,1,2,4
BRDA:58,1,3,3
BRDA:58,1,4,3
BRDA:58,1,5,3
BRDA:65,2,0,0
BRDA:65,2,1,3
BRDA:78,3,0,0
BRDA:78,3,1,3
BRDA:106,4,0,0
BRDA:106,4,1,0
BRF:14
BRH:10
end_of_record
TN:
SF:strategies\auth_token.js
FN:9,auth
FNF:1
FNH:1
FNDA:5,auth
DA:1,4
DA:10,5
DA:11,5
DA:13,0
DA:15,5
DA:17,5
DA:19,4
DA:21,4
DA:24,1
DA:27,4
LF:10
LH:9
BRDA:11,0,0,0
BRDA:11,0,1,5
BRF:2
BRH:1
end_of_record
